12:42:41 INFO  : Registering command handlers for SDK TCF services
12:42:42 INFO  : Launching XSCT server: xsct.bat -interactive D:\Project\Vivado\ZYBO_Video\ZYBO_Video.sdk\temp_xsdb_launch_script.tcl
12:42:44 INFO  : XSCT server has started successfully.
12:42:44 INFO  : Successfully done setting XSCT server connection channel  
12:42:49 INFO  : Successfully done setting SDK workspace  
12:42:49 INFO  : Processing command line option -hwspec D:/Project/Vivado/ZYBO_Video/ZYBO_Video.sdk/demo_wrapper.hdf.
12:46:38 INFO  : Registering command handlers for SDK TCF services
12:46:38 INFO  : Launching XSCT server: xsct.bat -interactive D:\Project\Vivado\ZYBO_Video\ZYBO_Video.sdk\temp_xsdb_launch_script.tcl
12:46:39 INFO  : XSCT server has started successfully.
12:46:42 INFO  : Processing command line option -hwspec D:/Project/Vivado/ZYBO_Video/ZYBO_Video.sdk/demo_wrapper.hdf.
12:46:42 INFO  : Successfully done setting XSCT server connection channel  
12:46:42 INFO  : Successfully done setting SDK workspace  
12:46:42 INFO  : Checking for hwspec changes in the project demo_wrapper_hw_platform_0.
09:07:46 INFO  : Registering command handlers for SDK TCF services
09:07:47 INFO  : Launching XSCT server: xsct.bat -interactive D:\Project\Vivado\ZYBO_Video\ZYBO_Video.sdk\temp_xsdb_launch_script.tcl
09:07:49 INFO  : XSCT server has started successfully.
09:07:53 INFO  : Successfully done setting XSCT server connection channel  
09:07:53 INFO  : Processing command line option -hwspec D:/Project/Vivado/ZYBO_Video/ZYBO_Video.sdk/demo_wrapper.hdf.
09:07:53 INFO  : Successfully done setting SDK workspace  
09:07:53 INFO  : Checking for hwspec changes in the project demo_wrapper_hw_platform_0.
09:10:45 INFO  : Connected to target on host '127.0.0.1' and port '3121'.
09:10:47 INFO  : 'targets -set -filter {jtag_cable_name =~ "Digilent Zybo 210279652913A" && level==0} -index 1' command is executed.
09:10:49 INFO  : FPGA configured successfully with bitstream "D:/Project/Vivado/ZYBO_Video/ZYBO_Video.sdk/demo_wrapper_hw_platform_0/demo_wrapper.bit"
09:11:04 INFO  : ps7_init is completed.
09:11:04 INFO  : ps7_post_config is completed.
09:11:04 INFO  : Processor reset is completed for ps7_cortexa9_0
09:11:17 INFO  : Processor reset is completed for ps7_cortexa9_0
09:13:26 ERROR : Checking FPGA configuration failed..Connection to Board Failed


    Unknown Error Occured
    Cable is not powered-on

09:13:26 ERROR : Unexpected error while launching program.
com.xilinx.sdk.targetmanager.TMException: Connection to Board Failed


    Unknown Error Occured
    Cable is not powered-on

	at com.xilinx.sdk.targetmanager.internal.TM.isFPGAConfigured(TM.java:374)
	at com.xilinx.sdk.debug.core.XilinxAppLaunchConfigurationDelegate.isFpgaConfigured(XilinxAppLaunchConfigurationDelegate.java:409)
	at com.xilinx.sdk.debug.core.XilinxAppLaunchConfigurationDelegate.launch(XilinxAppLaunchConfigurationDelegate.java:303)
	at com.xilinx.sdk.debug.ui.XilinxAppLaunchDelegateWrapper.launch(XilinxAppLaunchDelegateWrapper.java:31)
	at org.eclipse.debug.internal.core.LaunchConfiguration.launch(LaunchConfiguration.java:885)
	at org.eclipse.debug.internal.core.LaunchConfiguration.launch(LaunchConfiguration.java:739)
	at org.eclipse.debug.internal.ui.DebugUIPlugin.buildAndLaunch(DebugUIPlugin.java:1039)
	at org.eclipse.debug.internal.ui.DebugUIPlugin$8.run(DebugUIPlugin.java:1256)
	at org.eclipse.core.internal.jobs.Worker.run(Worker.java:55)
09:13:35 INFO  : Connected to target on host '127.0.0.1' and port '3121'.
09:13:38 INFO  : 'targets -set -filter {jtag_cable_name =~ "Digilent Zybo 210279652913A" && level==0} -index 1' command is executed.
09:13:40 INFO  : FPGA configured successfully with bitstream "D:/Project/Vivado/ZYBO_Video/ZYBO_Video.sdk/demo_wrapper_hw_platform_0/demo_wrapper.bit"
09:13:46 INFO  : ps7_init is completed.
09:13:46 INFO  : ps7_post_config is completed.
09:13:46 INFO  : Processor reset is completed for ps7_cortexa9_0
09:28:47 INFO  : Connected to target on host '127.0.0.1' and port '3121'.
09:28:54 INFO  : 'targets -set -filter {jtag_cable_name =~ "Digilent Zybo 210279652913A" && level==0} -index 1' command is executed.
09:28:55 INFO  : FPGA configured successfully with bitstream "D:/Project/Vivado/ZYBO_Video/ZYBO_Video.sdk/demo_wrapper_hw_platform_0/demo_wrapper.bit"
09:29:01 INFO  : ps7_init is completed.
09:29:01 INFO  : ps7_post_config is completed.
09:29:01 INFO  : Processor reset is completed for ps7_cortexa9_0
09:29:43 INFO  : ps7_cortexa9_0 Processor is in use. Please stop existing Run or Debug sessions before launching.
09:29:45 INFO  : Processor reset is completed for ps7_cortexa9_0
09:30:52 INFO  : ps7_cortexa9_0 Processor is in use. Please stop existing Run or Debug sessions before launching.
09:30:53 INFO  : Processor reset is completed for ps7_cortexa9_0
09:31:19 INFO  : ps7_cortexa9_0 Processor is in use. Please stop existing Run or Debug sessions before launching.
09:31:20 INFO  : Processor reset is completed for ps7_cortexa9_0
09:31:31 INFO  : ps7_cortexa9_0 Processor is in use. Please stop existing Run or Debug sessions before launching.
09:31:32 INFO  : Processor reset is completed for ps7_cortexa9_0
09:31:40 INFO  : ps7_cortexa9_0 Processor is in use. Please stop existing Run or Debug sessions before launching.
09:31:42 INFO  : Processor reset is completed for ps7_cortexa9_0
09:32:00 INFO  : ps7_cortexa9_0 Processor is in use. Please stop existing Run or Debug sessions before launching.
09:32:02 INFO  : Processor reset is completed for ps7_cortexa9_0
09:32:46 INFO  : ps7_cortexa9_0 Processor is in use. Please stop existing Run or Debug sessions before launching.
09:32:47 INFO  : Processor reset is completed for ps7_cortexa9_0
09:32:59 INFO  : ps7_cortexa9_0 Processor is in use. Please stop existing Run or Debug sessions before launching.
09:33:00 INFO  : Processor reset is completed for ps7_cortexa9_0
09:33:10 INFO  : ps7_cortexa9_0 Processor is in use. Please stop existing Run or Debug sessions before launching.
09:33:11 INFO  : Processor reset is completed for ps7_cortexa9_0
09:33:30 INFO  : ps7_cortexa9_0 Processor is in use. Please stop existing Run or Debug sessions before launching.
09:33:31 INFO  : Processor reset is completed for ps7_cortexa9_0
09:33:44 INFO  : ps7_cortexa9_0 Processor is in use. Please stop existing Run or Debug sessions before launching.
09:33:45 INFO  : Processor reset is completed for ps7_cortexa9_0
09:34:40 INFO  : ps7_cortexa9_0 Processor is in use. Please stop existing Run or Debug sessions before launching.
09:34:41 INFO  : Processor reset is completed for ps7_cortexa9_0
09:34:58 INFO  : ps7_cortexa9_0 Processor is in use. Please stop existing Run or Debug sessions before launching.
09:35:00 INFO  : Processor reset is completed for ps7_cortexa9_0
09:35:58 INFO  : ps7_cortexa9_0 Processor is in use. Please stop existing Run or Debug sessions before launching.
09:35:59 INFO  : Processor reset is completed for ps7_cortexa9_0
09:36:16 INFO  : ps7_cortexa9_0 Processor is in use. Please stop existing Run or Debug sessions before launching.
09:36:18 INFO  : Processor reset is completed for ps7_cortexa9_0
09:39:10 INFO  : ps7_cortexa9_0 Processor is in use. Please stop existing Run or Debug sessions before launching.
09:39:12 INFO  : Processor reset is completed for ps7_cortexa9_0
09:49:27 ERROR : Unexpected error while parsing XMD response ?: com.google.gson.JsonSyntaxException: com.google.gson.stream.MalformedJsonException: invalid number or unquoted string near 
10:06:09 INFO  : Registering command handlers for SDK TCF services
10:06:09 INFO  : Launching XSCT server: xsct.bat -interactive D:\Project\Vivado\ZYBO_Video\ZYBO_Video.sdk\temp_xsdb_launch_script.tcl
10:06:10 INFO  : XSCT server has started successfully.
10:06:13 INFO  : Successfully done setting XSCT server connection channel  
10:06:13 INFO  : Processing command line option -hwspec D:/Project/Vivado/ZYBO_Video/ZYBO_Video.sdk/demo_wrapper.hdf.
10:06:13 INFO  : Successfully done setting SDK workspace  
10:06:13 INFO  : Checking for hwspec changes in the project demo_wrapper_hw_platform_0.
10:06:15 INFO  : SDK has detected change in the last modified timestamps for source hardware specification file Source:1507514739871,  Project:1507178434193
10:06:15 INFO  : The hardware specification for project 'demo_wrapper_hw_platform_0' is different from D:/Project/Vivado/ZYBO_Video/ZYBO_Video.sdk/demo_wrapper.hdf.
10:06:15 INFO  : Copied contents of D:/Project/Vivado/ZYBO_Video/ZYBO_Video.sdk/demo_wrapper.hdf into \demo_wrapper_hw_platform_0\system.hdf.
10:06:19 INFO  : Synchronizing projects in the workspace with the hardware platform specification changes.
10:06:23 INFO  : 
10:06:24 INFO  : Updating hardware inferred compiler options for demo.
10:06:24 INFO  : Clearing existing target manager status.
10:06:54 INFO  : Refreshed build settings on project demo
10:07:01 INFO  : Connected to target on host '127.0.0.1' and port '3121'.
10:07:08 INFO  : 'targets -set -filter {jtag_cable_name =~ "Digilent Zybo 210279652913A" && level==0} -index 1' command is executed.
10:07:10 INFO  : FPGA configured successfully with bitstream "D:/Project/Vivado/ZYBO_Video/ZYBO_Video.sdk/demo_wrapper_hw_platform_0/demo_wrapper.bit"
10:07:18 INFO  : ps7_init is completed.
10:07:18 INFO  : ps7_post_config is completed.
10:07:18 INFO  : Processor reset is completed for ps7_cortexa9_0
10:07:28 INFO  : ps7_cortexa9_0 Processor is in use. Please stop existing Run or Debug sessions before launching.
10:07:29 INFO  : Processor reset is completed for ps7_cortexa9_0
10:08:08 INFO  : ps7_cortexa9_0 Processor is in use. Please stop existing Run or Debug sessions before launching.
10:08:09 INFO  : Processor reset is completed for ps7_cortexa9_0
10:09:21 INFO  : ps7_cortexa9_0 Processor is in use. Please stop existing Run or Debug sessions before launching.
10:09:22 INFO  : Processor reset is completed for ps7_cortexa9_0
10:09:32 INFO  : Connected to target on host '127.0.0.1' and port '3121'.
10:09:33 INFO  : 'targets -set -filter {jtag_cable_name =~ "Digilent Zybo 210279652913A" && level==0} -index 1' command is executed.
10:09:34 INFO  : FPGA configured successfully with bitstream "D:/Project/Vivado/ZYBO_Video/ZYBO_Video.sdk/demo_wrapper_hw_platform_0/demo_wrapper.bit"
10:09:39 INFO  : ps7_init is completed.
10:09:39 INFO  : ps7_post_config is completed.
10:09:39 INFO  : Processor reset is completed for ps7_cortexa9_0
10:10:16 INFO  : ps7_cortexa9_0 Processor is in use. Please stop existing Run or Debug sessions before launching.
10:10:17 INFO  : Processor reset is completed for ps7_cortexa9_0
10:10:44 INFO  : ps7_cortexa9_0 Processor is in use. Please stop existing Run or Debug sessions before launching.
10:10:45 INFO  : Processor reset is completed for ps7_cortexa9_0
10:12:23 INFO  : ps7_cortexa9_0 Processor is in use. Please stop existing Run or Debug sessions before launching.
10:12:26 INFO  : Processor reset is completed for ps7_cortexa9_0
10:13:27 INFO  : ps7_cortexa9_0 Processor is in use. Please stop existing Run or Debug sessions before launching.
10:13:29 INFO  : Processor reset is completed for ps7_cortexa9_0
10:14:14 INFO  : ps7_cortexa9_0 Processor is in use. Please stop existing Run or Debug sessions before launching.
10:14:15 INFO  : Processor reset is completed for ps7_cortexa9_0
10:14:51 INFO  : ps7_cortexa9_0 Processor is in use. Please stop existing Run or Debug sessions before launching.
10:14:52 INFO  : Processor reset is completed for ps7_cortexa9_0
10:15:00 INFO  : ps7_cortexa9_0 Processor is in use. Please stop existing Run or Debug sessions before launching.
10:15:01 INFO  : Processor reset is completed for ps7_cortexa9_0
10:18:25 INFO  : ps7_cortexa9_0 Processor is in use. Please stop existing Run or Debug sessions before launching.
10:18:26 INFO  : Processor reset is completed for ps7_cortexa9_0
10:18:52 INFO  : ps7_cortexa9_0 Processor is in use. Please stop existing Run or Debug sessions before launching.
10:18:53 INFO  : Processor reset is completed for ps7_cortexa9_0
10:19:11 INFO  : ps7_cortexa9_0 Processor is in use. Please stop existing Run or Debug sessions before launching.
10:19:12 INFO  : Processor reset is completed for ps7_cortexa9_0
10:19:48 INFO  : ps7_cortexa9_0 Processor is in use. Please stop existing Run or Debug sessions before launching.
10:19:49 INFO  : Processor reset is completed for ps7_cortexa9_0
10:20:17 INFO  : Connected to target on host '127.0.0.1' and port '3121'.
10:22:20 INFO  : Registering command handlers for SDK TCF services
10:22:20 INFO  : Launching XSCT server: xsct.bat -interactive D:\Project\Vivado\ZYBO_Video\ZYBO_Video.sdk\temp_xsdb_launch_script.tcl
10:22:21 INFO  : XSCT server has started successfully.
10:22:21 INFO  : Successfully done setting XSCT server connection channel  
10:22:23 INFO  : Successfully done setting SDK workspace  
10:22:23 INFO  : Processing command line option -hwspec D:/Project/Vivado/ZYBO_Video/ZYBO_Video.sdk/demo_wrapper.hdf.
10:22:24 INFO  : Checking for hwspec changes in the project demo_wrapper_hw_platform_0.
10:22:41 INFO  : Registering command handlers for SDK TCF services
10:22:41 INFO  : Launching XSCT server: xsct.bat -interactive D:\Project\Vivado\ZYBO_Video\ZYBO_Video.sdk\temp_xsdb_launch_script.tcl
10:22:42 INFO  : XSCT server has started successfully.
10:22:45 INFO  : Successfully done setting XSCT server connection channel  
10:22:45 INFO  : Processing command line option -hwspec D:/Project/Vivado/ZYBO_Video/ZYBO_Video.sdk/demo_wrapper.hdf.
10:22:45 INFO  : Successfully done setting SDK workspace  
10:22:45 INFO  : Checking for hwspec changes in the project demo_wrapper_hw_platform_0.
10:22:54 INFO  : Connected to target on host '127.0.0.1' and port '3121'.
10:23:49 INFO  : Registering command handlers for SDK TCF services
10:23:49 INFO  : Launching XSCT server: xsct.bat -interactive D:\Project\Vivado\ZYBO_Video\ZYBO_Video.sdk\temp_xsdb_launch_script.tcl
10:23:50 INFO  : XSCT server has started successfully.
10:23:52 INFO  : Successfully done setting XSCT server connection channel  
10:23:52 INFO  : Processing command line option -hwspec D:/Project/Vivado/ZYBO_Video/ZYBO_Video.sdk/demo_wrapper.hdf.
10:23:52 INFO  : Successfully done setting SDK workspace  
10:23:52 INFO  : Checking for hwspec changes in the project demo_wrapper_hw_platform_0.
10:23:57 INFO  : Connected to target on host '127.0.0.1' and port '3121'.
10:25:47 INFO  : Registering command handlers for SDK TCF services
10:25:47 INFO  : Launching XSCT server: xsct.bat -interactive D:\Project\Vivado\ZYBO_Video\ZYBO_Video.sdk\temp_xsdb_launch_script.tcl
10:25:48 INFO  : XSCT server has started successfully.
10:25:51 INFO  : Successfully done setting XSCT server connection channel  
10:25:51 INFO  : Processing command line option -hwspec D:/Project/Vivado/ZYBO_Video/ZYBO_Video.sdk/demo_wrapper.hdf.
10:25:51 INFO  : Successfully done setting SDK workspace  
10:25:51 INFO  : Checking for hwspec changes in the project demo_wrapper_hw_platform_0.
10:25:59 INFO  : Connected to target on host '127.0.0.1' and port '3121'.
10:26:05 INFO  : Connected to target on host '127.0.0.1' and port '3121'.
10:26:07 INFO  : Connected to target on host '127.0.0.1' and port '3121'.
10:26:08 INFO  : 'targets -set -filter {jtag_cable_name =~ "Digilent Zybo 210279652913A" && level==0} -index 1' command is executed.
10:26:10 INFO  : FPGA configured successfully with bitstream "D:/Project/Vivado/ZYBO_Video/ZYBO_Video.sdk/demo_wrapper_hw_platform_0/demo_wrapper.bit"
10:26:20 INFO  : ps7_init is completed.
10:26:20 INFO  : ps7_post_config is completed.
10:26:20 INFO  : Processor reset is completed for ps7_cortexa9_0
10:27:32 INFO  : ps7_cortexa9_0 Processor is in use. Please stop existing Run or Debug sessions before launching.
10:27:33 INFO  : Processor reset is completed for ps7_cortexa9_0
10:27:54 INFO  : ps7_cortexa9_0 Processor is in use. Please stop existing Run or Debug sessions before launching.
10:27:55 INFO  : Processor reset is completed for ps7_cortexa9_0
10:29:11 ERROR : Unexpected error while parsing XMD response ?: com.google.gson.JsonSyntaxException: com.google.gson.stream.MalformedJsonException: invalid number or unquoted string near 
11:19:04 INFO  : Launching XSCT server: xsct.bat -interactive D:\Project\Vivado\ZYBO_Video\ZYBO_Video.sdk\temp_xsdb_launch_script.tcl
11:19:04 INFO  : Registering command handlers for SDK TCF services
11:19:05 INFO  : XSCT server has started successfully.
11:19:06 INFO  : Processing command line option -hwspec D:/Project/Vivado/ZYBO_Video/ZYBO_Video.sdk/demo_wrapper.hdf.
11:19:06 INFO  : Successfully done setting XSCT server connection channel  
11:19:06 INFO  : Successfully done setting SDK workspace  
11:19:06 INFO  : Checking for hwspec changes in the project demo_wrapper_hw_platform_0.
11:19:08 INFO  : SDK has detected change in the last modified timestamps for source hardware specification file Source:1507519122358,  Project:1507514739871
11:19:08 INFO  : The hardware specification for project 'demo_wrapper_hw_platform_0' is different from D:/Project/Vivado/ZYBO_Video/ZYBO_Video.sdk/demo_wrapper.hdf.
11:19:08 INFO  : Copied contents of D:/Project/Vivado/ZYBO_Video/ZYBO_Video.sdk/demo_wrapper.hdf into \demo_wrapper_hw_platform_0\system.hdf.
11:19:12 INFO  : Synchronizing projects in the workspace with the hardware platform specification changes.
11:19:14 INFO  : 
11:19:15 INFO  : Updating hardware inferred compiler options for demo.
11:19:15 INFO  : Clearing existing target manager status.
11:19:41 INFO  : Refreshed build settings on project demo
11:20:14 INFO  : Connected to target on host '127.0.0.1' and port '3121'.
11:20:17 INFO  : Connected to target on host '127.0.0.1' and port '3121'.
11:20:18 INFO  : 'targets -set -filter {jtag_cable_name =~ "Digilent Zybo 210279652913A" && level==0} -index 1' command is executed.
11:20:20 INFO  : FPGA configured successfully with bitstream "D:/Project/Vivado/ZYBO_Video/ZYBO_Video.sdk/demo_wrapper_hw_platform_0/demo_wrapper.bit"
11:20:30 INFO  : ps7_init is completed.
11:20:31 INFO  : ps7_post_config is completed.
11:20:31 INFO  : Processor reset is completed for ps7_cortexa9_0
11:20:58 INFO  : ps7_cortexa9_0 Processor is in use. Please stop existing Run or Debug sessions before launching.
11:21:00 INFO  : Processor reset is completed for ps7_cortexa9_0
11:22:34 ERROR : Unexpected error while parsing XMD response ?: com.google.gson.JsonSyntaxException: com.google.gson.stream.MalformedJsonException: invalid number or unquoted string near 
11:29:58 INFO  : Launching XSCT server: xsct.bat -interactive D:\Project\Vivado\ZYBO_Video\ZYBO_Video.sdk\temp_xsdb_launch_script.tcl
11:29:58 INFO  : Registering command handlers for SDK TCF services
11:29:59 INFO  : XSCT server has started successfully.
11:29:59 INFO  : Successfully done setting XSCT server connection channel  
11:30:00 INFO  : Successfully done setting SDK workspace  
11:30:00 INFO  : Processing command line option -hwspec D:/Project/Vivado/ZYBO_Video/ZYBO_Video.sdk/demo_wrapper.hdf.
11:30:00 INFO  : Checking for hwspec changes in the project demo_wrapper_hw_platform_0.
11:30:02 INFO  : SDK has detected change in the last modified timestamps for source hardware specification file Source:1507519783552,  Project:1507519122358
11:30:02 INFO  : The hardware specification for project 'demo_wrapper_hw_platform_0' is different from D:/Project/Vivado/ZYBO_Video/ZYBO_Video.sdk/demo_wrapper.hdf.
11:30:02 INFO  : Copied contents of D:/Project/Vivado/ZYBO_Video/ZYBO_Video.sdk/demo_wrapper.hdf into \demo_wrapper_hw_platform_0\system.hdf.
11:30:06 INFO  : Synchronizing projects in the workspace with the hardware platform specification changes.
11:30:08 INFO  : 
11:30:09 INFO  : Updating hardware inferred compiler options for demo.
11:30:09 INFO  : Clearing existing target manager status.
11:30:21 INFO  : Refreshed build settings on project demo
11:31:02 INFO  : Connected to target on host '127.0.0.1' and port '3121'.
11:31:04 INFO  : 'targets -set -filter {jtag_cable_name =~ "Digilent Zybo 210279652913A" && level==0} -index 1' command is executed.
11:31:05 INFO  : FPGA configured successfully with bitstream "D:/Project/Vivado/ZYBO_Video/ZYBO_Video.sdk/demo_wrapper_hw_platform_0/demo_wrapper.bit"
11:31:13 INFO  : ps7_init is completed.
11:31:13 INFO  : ps7_post_config is completed.
11:31:14 INFO  : Processor reset is completed for ps7_cortexa9_0
11:32:20 INFO  : ps7_cortexa9_0 Processor is in use. Please stop existing Run or Debug sessions before launching.
11:32:21 INFO  : Processor reset is completed for ps7_cortexa9_0
11:32:32 INFO  : ps7_cortexa9_0 Processor is in use. Please stop existing Run or Debug sessions before launching.
11:32:34 INFO  : Processor reset is completed for ps7_cortexa9_0
11:32:48 INFO  : ps7_cortexa9_0 Processor is in use. Please stop existing Run or Debug sessions before launching.
11:32:50 INFO  : Processor reset is completed for ps7_cortexa9_0
11:33:02 INFO  : ps7_cortexa9_0 Processor is in use. Please stop existing Run or Debug sessions before launching.
11:33:03 INFO  : Processor reset is completed for ps7_cortexa9_0
11:33:16 INFO  : ps7_cortexa9_0 Processor is in use. Please stop existing Run or Debug sessions before launching.
11:33:17 INFO  : Processor reset is completed for ps7_cortexa9_0
11:33:34 INFO  : ps7_cortexa9_0 Processor is in use. Please stop existing Run or Debug sessions before launching.
11:33:35 INFO  : Processor reset is completed for ps7_cortexa9_0
11:33:44 INFO  : Connected to target on host '127.0.0.1' and port '3121'.
11:33:44 INFO  : 'targets -set -filter {jtag_cable_name =~ "Digilent Zybo 210279652913A" && level==0} -index 1' command is executed.
11:33:46 INFO  : FPGA configured successfully with bitstream "D:/Project/Vivado/ZYBO_Video/ZYBO_Video.sdk/demo_wrapper_hw_platform_0/demo_wrapper.bit"
11:33:54 INFO  : ps7_init is completed.
11:33:54 INFO  : ps7_post_config is completed.
11:33:54 INFO  : Processor reset is completed for ps7_cortexa9_0
11:34:31 INFO  : ps7_cortexa9_0 Processor is in use. Please stop existing Run or Debug sessions before launching.
11:34:32 INFO  : Processor reset is completed for ps7_cortexa9_0
11:34:44 INFO  : ps7_cortexa9_0 Processor is in use. Please stop existing Run or Debug sessions before launching.
11:34:45 INFO  : Processor reset is completed for ps7_cortexa9_0
11:34:55 INFO  : ps7_cortexa9_0 Processor is in use. Please stop existing Run or Debug sessions before launching.
11:34:56 INFO  : Processor reset is completed for ps7_cortexa9_0
11:35:15 INFO  : ps7_cortexa9_0 Processor is in use. Please stop existing Run or Debug sessions before launching.
11:35:16 INFO  : Processor reset is completed for ps7_cortexa9_0
11:37:05 INFO  : ps7_cortexa9_0 Processor is in use. Please stop existing Run or Debug sessions before launching.
11:37:06 INFO  : Processor reset is completed for ps7_cortexa9_0
11:39:48 INFO  : ps7_cortexa9_0 Processor is in use. Please stop existing Run or Debug sessions before launching.
11:39:50 INFO  : Processor reset is completed for ps7_cortexa9_0
11:41:13 INFO  : ps7_cortexa9_0 Processor is in use. Please stop existing Run or Debug sessions before launching.
11:41:14 INFO  : Processor reset is completed for ps7_cortexa9_0
11:41:41 INFO  : ps7_cortexa9_0 Processor is in use. Please stop existing Run or Debug sessions before launching.
11:41:42 INFO  : Processor reset is completed for ps7_cortexa9_0
11:44:20 INFO  : ps7_cortexa9_0 Processor is in use. Please stop existing Run or Debug sessions before launching.
11:44:21 INFO  : Processor reset is completed for ps7_cortexa9_0
11:45:22 INFO  : ps7_cortexa9_0 Processor is in use. Please stop existing Run or Debug sessions before launching.
11:45:23 INFO  : Processor reset is completed for ps7_cortexa9_0
11:45:40 INFO  : ps7_cortexa9_0 Processor is in use. Please stop existing Run or Debug sessions before launching.
11:45:41 INFO  : Processor reset is completed for ps7_cortexa9_0
11:45:51 INFO  : ps7_cortexa9_0 Processor is in use. Please stop existing Run or Debug sessions before launching.
11:45:52 INFO  : Processor reset is completed for ps7_cortexa9_0
11:47:48 INFO  : ps7_cortexa9_0 Processor is in use. Please stop existing Run or Debug sessions before launching.
11:47:49 INFO  : Processor reset is completed for ps7_cortexa9_0
11:48:21 INFO  : ps7_cortexa9_0 Processor is in use. Please stop existing Run or Debug sessions before launching.
11:48:22 INFO  : Processor reset is completed for ps7_cortexa9_0
11:48:37 INFO  : ps7_cortexa9_0 Processor is in use. Please stop existing Run or Debug sessions before launching.
11:48:38 INFO  : Processor reset is completed for ps7_cortexa9_0
11:48:51 INFO  : ps7_cortexa9_0 Processor is in use. Please stop existing Run or Debug sessions before launching.
11:48:53 INFO  : Processor reset is completed for ps7_cortexa9_0
11:49:04 INFO  : ps7_cortexa9_0 Processor is in use. Please stop existing Run or Debug sessions before launching.
11:49:05 INFO  : Processor reset is completed for ps7_cortexa9_0
11:49:17 INFO  : ps7_cortexa9_0 Processor is in use. Please stop existing Run or Debug sessions before launching.
11:49:18 INFO  : Processor reset is completed for ps7_cortexa9_0
11:49:29 INFO  : ps7_cortexa9_0 Processor is in use. Please stop existing Run or Debug sessions before launching.
11:49:30 INFO  : Processor reset is completed for ps7_cortexa9_0
11:50:04 INFO  : ps7_cortexa9_0 Processor is in use. Please stop existing Run or Debug sessions before launching.
11:50:05 INFO  : Processor reset is completed for ps7_cortexa9_0
12:10:48 INFO  : Connected to target on host '127.0.0.1' and port '3121'.
12:10:49 INFO  : 'targets -set -filter {jtag_cable_name =~ "Digilent Zybo 210279652913A" && level==0} -index 1' command is executed.
12:10:51 INFO  : FPGA configured successfully with bitstream "D:/Project/Vivado/ZYBO_Video/ZYBO_Video.sdk/demo_wrapper_hw_platform_0/demo_wrapper.bit"
12:10:59 INFO  : ps7_init is completed.
12:10:59 INFO  : ps7_post_config is completed.
12:10:59 INFO  : Processor reset is completed for ps7_cortexa9_0
12:11:34 INFO  : ps7_cortexa9_0 Processor is in use. Please stop existing Run or Debug sessions before launching.
12:11:36 INFO  : Processor reset is completed for ps7_cortexa9_0
12:12:06 INFO  : ps7_cortexa9_0 Processor is in use. Please stop existing Run or Debug sessions before launching.
12:12:08 INFO  : Processor reset is completed for ps7_cortexa9_0
12:12:22 INFO  : ps7_cortexa9_0 Processor is in use. Please stop existing Run or Debug sessions before launching.
12:12:26 INFO  : Processor reset is completed for ps7_cortexa9_0
12:13:50 INFO  : ps7_cortexa9_0 Processor is in use. Please stop existing Run or Debug sessions before launching.
12:13:51 INFO  : Processor reset is completed for ps7_cortexa9_0
12:14:40 INFO  : ps7_cortexa9_0 Processor is in use. Please stop existing Run or Debug sessions before launching.
12:14:41 INFO  : Processor reset is completed for ps7_cortexa9_0
12:14:56 INFO  : ps7_cortexa9_0 Processor is in use. Please stop existing Run or Debug sessions before launching.
12:14:58 INFO  : Processor reset is completed for ps7_cortexa9_0
12:24:43 INFO  : SDK has detected change in the last modified timestamps for source hardware specification file Source:1507523064798,  Project:1507519783552
12:24:43 INFO  : Project demo_wrapper_hw_platform_0's source hardware specification located at D:/Project/Vivado/ZYBO_Video/ZYBO_Video.sdk/demo_wrapper.hdf is now different from the local copy.
		 The local copy will be replaced with the source specification and your workspace will be updated.
12:24:44 INFO  : Copied contents of D:/Project/Vivado/ZYBO_Video/ZYBO_Video.sdk/demo_wrapper.hdf into \demo_wrapper_hw_platform_0\system.hdf.
12:24:49 INFO  : Synchronizing projects in the workspace with the hardware platform specification changes.
12:24:51 INFO  : 
12:24:52 INFO  : Updating hardware inferred compiler options for demo.
12:24:52 INFO  : Clearing existing target manager status.
12:25:35 INFO  : Refreshed build settings on project demo
12:25:43 INFO  : Connected to target on host '127.0.0.1' and port '3121'.
12:25:49 INFO  : 'targets -set -filter {jtag_cable_name =~ "Digilent Zybo 210279652913A" && level==0} -index 1' command is executed.
12:25:51 INFO  : FPGA configured successfully with bitstream "D:/Project/Vivado/ZYBO_Video/ZYBO_Video.sdk/demo_wrapper_hw_platform_0/demo_wrapper.bit"
12:25:59 INFO  : ps7_init is completed.
12:25:59 INFO  : ps7_post_config is completed.
12:25:59 INFO  : Processor reset is completed for ps7_cortexa9_0
12:26:29 INFO  : ps7_cortexa9_0 Processor is in use. Please stop existing Run or Debug sessions before launching.
12:26:30 INFO  : Processor reset is completed for ps7_cortexa9_0
12:26:43 INFO  : ps7_cortexa9_0 Processor is in use. Please stop existing Run or Debug sessions before launching.
12:26:44 INFO  : Processor reset is completed for ps7_cortexa9_0
12:27:14 INFO  : ps7_cortexa9_0 Processor is in use. Please stop existing Run or Debug sessions before launching.
12:27:15 INFO  : Processor reset is completed for ps7_cortexa9_0
12:27:29 INFO  : ps7_cortexa9_0 Processor is in use. Please stop existing Run or Debug sessions before launching.
12:27:30 INFO  : Processor reset is completed for ps7_cortexa9_0
12:27:47 INFO  : ps7_cortexa9_0 Processor is in use. Please stop existing Run or Debug sessions before launching.
12:27:48 INFO  : Processor reset is completed for ps7_cortexa9_0
12:28:14 INFO  : ps7_cortexa9_0 Processor is in use. Please stop existing Run or Debug sessions before launching.
12:28:15 INFO  : Processor reset is completed for ps7_cortexa9_0
12:28:43 INFO  : ps7_cortexa9_0 Processor is in use. Please stop existing Run or Debug sessions before launching.
12:28:44 INFO  : Processor reset is completed for ps7_cortexa9_0
12:29:00 INFO  : ps7_cortexa9_0 Processor is in use. Please stop existing Run or Debug sessions before launching.
12:29:02 INFO  : Processor reset is completed for ps7_cortexa9_0
12:29:18 INFO  : ps7_cortexa9_0 Processor is in use. Please stop existing Run or Debug sessions before launching.
12:29:20 INFO  : Processor reset is completed for ps7_cortexa9_0
12:29:59 INFO  : ps7_cortexa9_0 Processor is in use. Please stop existing Run or Debug sessions before launching.
12:30:00 INFO  : Processor reset is completed for ps7_cortexa9_0
12:36:15 INFO  : SDK has detected change in the last modified timestamps for source hardware specification file Source:1507523762434,  Project:1507523064798
12:36:15 INFO  : Project demo_wrapper_hw_platform_0's source hardware specification located at D:/Project/Vivado/ZYBO_Video/ZYBO_Video.sdk/demo_wrapper.hdf is now different from the local copy.
		 The local copy will be replaced with the source specification and your workspace will be updated.
12:36:16 INFO  : Copied contents of D:/Project/Vivado/ZYBO_Video/ZYBO_Video.sdk/demo_wrapper.hdf into \demo_wrapper_hw_platform_0\system.hdf.
12:36:21 INFO  : Synchronizing projects in the workspace with the hardware platform specification changes.
12:36:23 INFO  : 
12:36:24 INFO  : Updating hardware inferred compiler options for demo.
12:36:24 INFO  : Clearing existing target manager status.
12:36:35 INFO  : Refreshed build settings on project demo
12:36:44 INFO  : Connected to target on host '127.0.0.1' and port '3121'.
12:36:45 INFO  : 'targets -set -filter {jtag_cable_name =~ "Digilent Zybo 210279652913A" && level==0} -index 1' command is executed.
12:36:46 INFO  : FPGA configured successfully with bitstream "D:/Project/Vivado/ZYBO_Video/ZYBO_Video.sdk/demo_wrapper_hw_platform_0/demo_wrapper.bit"
12:36:59 ERROR : Unexpected error while launching program.
java.lang.RuntimeException: Error in Resetting Target

    Could not stop the processor after reset


	at com.xilinx.sdk.targetmanager.internal.TM.doProcessorReset(TM.java:1011)
	at com.xilinx.sdk.debug.core.XilinxAppLaunchConfigurationDelegate.runTargetSetup(XilinxAppLaunchConfigurationDelegate.java:534)
	at com.xilinx.sdk.debug.core.XilinxAppLaunchConfigurationDelegate.runApplication(XilinxAppLaunchConfigurationDelegate.java:616)
	at com.xilinx.sdk.debug.core.XilinxAppLaunchConfigurationDelegate.launch(XilinxAppLaunchConfigurationDelegate.java:309)
	at com.xilinx.sdk.debug.ui.XilinxAppLaunchDelegateWrapper.launch(XilinxAppLaunchDelegateWrapper.java:31)
	at org.eclipse.debug.internal.core.LaunchConfiguration.launch(LaunchConfiguration.java:885)
	at org.eclipse.debug.internal.core.LaunchConfiguration.launch(LaunchConfiguration.java:739)
	at org.eclipse.debug.internal.ui.DebugUIPlugin.buildAndLaunch(DebugUIPlugin.java:1039)
	at org.eclipse.debug.internal.ui.DebugUIPlugin$8.run(DebugUIPlugin.java:1256)
	at org.eclipse.core.internal.jobs.Worker.run(Worker.java:55)
12:37:10 INFO  : Connected to target on host '127.0.0.1' and port '3121'.
12:37:10 INFO  : 'targets -set -filter {jtag_cable_name =~ "Digilent Zybo 210279652913A" && level==0} -index 1' command is executed.
12:37:11 INFO  : FPGA configured successfully with bitstream "D:/Project/Vivado/ZYBO_Video/ZYBO_Video.sdk/demo_wrapper_hw_platform_0/demo_wrapper.bit"
12:37:16 INFO  : ps7_init is completed.
12:37:16 INFO  : ps7_post_config is completed.
12:37:17 INFO  : Processor reset is completed for ps7_cortexa9_0
13:14:08 INFO  : ps7_cortexa9_0 Processor is in use. Please stop existing Run or Debug sessions before launching.
13:14:09 INFO  : Processor reset is completed for ps7_cortexa9_0
13:14:25 INFO  : ps7_cortexa9_0 Processor is in use. Please stop existing Run or Debug sessions before launching.
13:14:27 INFO  : Processor reset is completed for ps7_cortexa9_0
13:23:33 INFO  : SDK has detected change in the last modified timestamps for source hardware specification file Source:1507526557294,  Project:1507523762434
13:23:33 INFO  : Project demo_wrapper_hw_platform_0's source hardware specification located at D:/Project/Vivado/ZYBO_Video/ZYBO_Video.sdk/demo_wrapper.hdf is now different from the local copy.
		 The local copy will be replaced with the source specification and your workspace will be updated.
13:23:36 INFO  : Copied contents of D:/Project/Vivado/ZYBO_Video/ZYBO_Video.sdk/demo_wrapper.hdf into \demo_wrapper_hw_platform_0\system.hdf.
13:23:40 INFO  : Synchronizing projects in the workspace with the hardware platform specification changes.
13:23:43 INFO  : 
13:23:44 INFO  : Updating hardware inferred compiler options for demo.
13:23:44 INFO  : Clearing existing target manager status.
13:24:06 INFO  : Refreshed build settings on project demo
13:24:18 INFO  : Connected to target on host '127.0.0.1' and port '3121'.
13:24:18 INFO  : 'targets -set -filter {jtag_cable_name =~ "Digilent Zybo 210279652913A" && level==0} -index 1' command is executed.
13:24:20 INFO  : FPGA configured successfully with bitstream "D:/Project/Vivado/ZYBO_Video/ZYBO_Video.sdk/demo_wrapper_hw_platform_0/demo_wrapper.bit"
13:24:28 INFO  : ps7_init is completed.
13:24:28 INFO  : ps7_post_config is completed.
13:24:28 INFO  : Processor reset is completed for ps7_cortexa9_0
13:26:13 INFO  : ps7_cortexa9_0 Processor is in use. Please stop existing Run or Debug sessions before launching.
13:26:14 INFO  : Processor reset is completed for ps7_cortexa9_0
13:34:16 INFO  : ps7_cortexa9_0 Processor is in use. Please stop existing Run or Debug sessions before launching.
13:34:17 INFO  : Processor reset is completed for ps7_cortexa9_0
13:52:12 ERROR : Unexpected error while parsing XMD response ?: com.google.gson.JsonSyntaxException: com.google.gson.stream.MalformedJsonException: invalid number or unquoted string near 
16:19:53 INFO  : Launching XSCT server: xsct.bat -interactive D:\Project\Vivado\Terminated_project\ZYBO_Video\ZYBO_Video.sdk\temp_xsdb_launch_script.tcl
16:19:53 INFO  : Registering command handlers for SDK TCF services
16:19:55 INFO  : XSCT server has started successfully.
16:19:57 INFO  : Successfully done setting XSCT server connection channel  
16:19:57 INFO  : Processing command line option -hwspec D:/Project/Vivado/Terminated_project/ZYBO_Video/ZYBO_Video.sdk/demo_wrapper.hdf.
16:19:57 INFO  : Successfully done setting SDK workspace  
16:20:15 INFO  : Connected to target on host '127.0.0.1' and port '3121'.
16:20:18 INFO  : 'targets -set -filter {jtag_cable_name =~ "Digilent Zybo 210279652913A" && level==0} -index 1' command is executed.
16:20:19 INFO  : FPGA configured successfully with bitstream "D:/Project/Vivado/Terminated_project/ZYBO_Video/ZYBO_Video.sdk/demo_wrapper_hw_platform_0/demo_wrapper.bit"
16:20:29 INFO  : ps7_init is completed.
16:20:29 INFO  : ps7_post_config is completed.
16:20:29 INFO  : Processor reset is completed for ps7_cortexa9_0
16:20:47 INFO  : ps7_cortexa9_0 Processor is in use. Please stop existing Run or Debug sessions before launching.
16:20:48 INFO  : Processor reset is completed for ps7_cortexa9_0
16:21:17 INFO  : ps7_cortexa9_0 Processor is in use. Please stop existing Run or Debug sessions before launching.
16:21:18 INFO  : Processor reset is completed for ps7_cortexa9_0
16:21:50 INFO  : ps7_cortexa9_0 Processor is in use. Please stop existing Run or Debug sessions before launching.
16:21:51 INFO  : Processor reset is completed for ps7_cortexa9_0
16:22:55 ERROR : Unexpected error while parsing XMD response ?: com.google.gson.JsonSyntaxException: com.google.gson.stream.MalformedJsonException: invalid number or unquoted string near 
17:49:31 INFO  : Launching XSCT server: xsct.bat -interactive D:\Project\Vivado\Terminated_project\ZYBO_Video\ZYBO_Video.sdk\temp_xsdb_launch_script.tcl
17:49:31 INFO  : Registering command handlers for SDK TCF services
17:49:33 INFO  : XSCT server has started successfully.
17:49:34 INFO  : Successfully done setting XSCT server connection channel  
17:49:39 INFO  : Processing command line option -hwspec D:/Project/Vivado/Terminated_project/ZYBO_Video/ZYBO_Video.sdk/demo_wrapper.hdf.
17:49:39 INFO  : Successfully done setting SDK workspace  
17:49:45 INFO  : Connected to target on host '127.0.0.1' and port '3121'.
17:49:50 INFO  : Connected to target on host '127.0.0.1' and port '3121'.
17:49:50 INFO  : 'targets -set -filter {jtag_cable_name =~ "Digilent Zybo 210279652913A" && level==0} -index 1' command is executed.
17:49:52 INFO  : FPGA configured successfully with bitstream "D:/Project/Vivado/Terminated_project/ZYBO_Video/ZYBO_Video.sdk/demo_wrapper_hw_platform_0/demo_wrapper.bit"
17:50:02 INFO  : ps7_init is completed.
17:50:02 INFO  : ps7_post_config is completed.
17:50:02 INFO  : Processor reset is completed for ps7_cortexa9_0
17:50:51 INFO  : ps7_cortexa9_0 Processor is in use. Please stop existing Run or Debug sessions before launching.
17:50:52 INFO  : Processor reset is completed for ps7_cortexa9_0
17:53:51 INFO  : Connected to target on host '127.0.0.1' and port '3121'.
17:53:51 INFO  : 'targets -set -filter {jtag_cable_name =~ "Digilent Zybo 210279652913A" && level==0} -index 1' command is executed.
17:53:52 INFO  : FPGA configured successfully with bitstream "D:/Project/Vivado/Terminated_project/ZYBO_Video/ZYBO_Video.sdk/demo_wrapper_hw_platform_0/demo_wrapper.bit"
17:53:56 INFO  : ps7_cortexa9_0 Processor is in use. Please stop existing Run or Debug sessions before launching.
17:54:04 ERROR : Unexpected error while launching program.
java.lang.RuntimeException: Error in Resetting Target

    Could not stop the processor after reset


	at com.xilinx.sdk.targetmanager.internal.TM.doProcessorReset(TM.java:1011)
	at com.xilinx.sdk.debug.core.XilinxAppLaunchConfigurationDelegate.runTargetSetup(XilinxAppLaunchConfigurationDelegate.java:534)
	at com.xilinx.sdk.debug.core.XilinxAppLaunchConfigurationDelegate.runApplication(XilinxAppLaunchConfigurationDelegate.java:616)
	at com.xilinx.sdk.debug.core.XilinxAppLaunchConfigurationDelegate.launch(XilinxAppLaunchConfigurationDelegate.java:309)
	at com.xilinx.sdk.debug.ui.XilinxAppLaunchDelegateWrapper.launch(XilinxAppLaunchDelegateWrapper.java:31)
	at org.eclipse.debug.internal.core.LaunchConfiguration.launch(LaunchConfiguration.java:885)
	at org.eclipse.debug.internal.core.LaunchConfiguration.launch(LaunchConfiguration.java:739)
	at org.eclipse.debug.internal.ui.DebugUIPlugin.buildAndLaunch(DebugUIPlugin.java:1039)
	at org.eclipse.debug.internal.ui.DebugUIPlugin$8.run(DebugUIPlugin.java:1256)
	at org.eclipse.core.internal.jobs.Worker.run(Worker.java:55)
17:54:12 INFO  : Connected to target on host '127.0.0.1' and port '3121'.
17:54:12 INFO  : 'targets -set -filter {jtag_cable_name =~ "Digilent Zybo 210279652913A" && level==0} -index 1' command is executed.
17:54:13 INFO  : FPGA configured successfully with bitstream "D:/Project/Vivado/Terminated_project/ZYBO_Video/ZYBO_Video.sdk/demo_wrapper_hw_platform_0/demo_wrapper.bit"
17:54:17 INFO  : ps7_init is completed.
17:54:17 INFO  : ps7_post_config is completed.
17:54:18 INFO  : Processor reset is completed for ps7_cortexa9_0
17:54:37 INFO  : Connected to target on host '127.0.0.1' and port '3121'.
17:54:37 INFO  : 'targets -set -filter {jtag_cable_name =~ "Digilent Zybo 210279652913A" && level==0} -index 1' command is executed.
17:54:38 INFO  : FPGA configured successfully with bitstream "D:/Project/Vivado/Terminated_project/ZYBO_Video/ZYBO_Video.sdk/demo_wrapper_hw_platform_1/demo_wrapper.bit"
17:54:42 INFO  : ps7_cortexa9_0 Processor is in use. Please stop existing Run or Debug sessions before launching.
17:54:50 ERROR : Unexpected error while launching program.
java.lang.RuntimeException: Error in Resetting Target

    Could not stop the processor after reset


	at com.xilinx.sdk.targetmanager.internal.TM.doProcessorReset(TM.java:1011)
	at com.xilinx.sdk.debug.core.XilinxAppLaunchConfigurationDelegate.runTargetSetup(XilinxAppLaunchConfigurationDelegate.java:534)
	at com.xilinx.sdk.debug.core.XilinxAppLaunchConfigurationDelegate.runApplication(XilinxAppLaunchConfigurationDelegate.java:616)
	at com.xilinx.sdk.debug.core.XilinxAppLaunchConfigurationDelegate.launch(XilinxAppLaunchConfigurationDelegate.java:309)
	at com.xilinx.sdk.debug.ui.XilinxAppLaunchDelegateWrapper.launch(XilinxAppLaunchDelegateWrapper.java:31)
	at org.eclipse.debug.internal.core.LaunchConfiguration.launch(LaunchConfiguration.java:885)
	at org.eclipse.debug.internal.core.LaunchConfiguration.launch(LaunchConfiguration.java:739)
	at org.eclipse.debug.internal.ui.DebugUIPlugin.buildAndLaunch(DebugUIPlugin.java:1039)
	at org.eclipse.debug.internal.ui.DebugUIPlugin$8.run(DebugUIPlugin.java:1256)
	at org.eclipse.core.internal.jobs.Worker.run(Worker.java:55)
17:54:55 INFO  : Connected to target on host '127.0.0.1' and port '3121'.
17:54:55 INFO  : 'targets -set -filter {jtag_cable_name =~ "Digilent Zybo 210279652913A" && level==0} -index 1' command is executed.
17:54:56 INFO  : FPGA configured successfully with bitstream "D:/Project/Vivado/Terminated_project/ZYBO_Video/ZYBO_Video.sdk/demo_wrapper_hw_platform_1/demo_wrapper.bit"
17:55:01 INFO  : ps7_init is completed.
17:55:01 INFO  : ps7_post_config is completed.
17:55:01 INFO  : Processor reset is completed for ps7_cortexa9_0
17:55:35 INFO  : ps7_cortexa9_0 Processor is in use. Please stop existing Run or Debug sessions before launching.
17:55:36 INFO  : Processor reset is completed for ps7_cortexa9_0
17:56:15 ERROR : Unexpected error while parsing XMD response ?: com.google.gson.JsonSyntaxException: com.google.gson.stream.MalformedJsonException: invalid number or unquoted string near 
12:04:19 INFO  : Launching XSCT server: xsct.bat -interactive D:\Project\Vivado\Terminated_project\ZYBO_Video\ZYBO_Video.sdk\temp_xsdb_launch_script.tcl
12:04:19 INFO  : Registering command handlers for SDK TCF services
12:04:21 INFO  : XSCT server has started successfully.
12:04:25 INFO  : Processing command line option -hwspec D:/Project/Vivado/Terminated_project/ZYBO_Video/ZYBO_Video.sdk/demo_wrapper.hdf.
12:04:25 INFO  : Successfully done setting XSCT server connection channel  
12:04:25 INFO  : Successfully done setting SDK workspace  
12:04:25 INFO  : Checking for hwspec changes in the project demo_wrapper_hw_platform_1.
12:05:38 INFO  : Connected to target on host '127.0.0.1' and port '3121'.
12:05:40 INFO  : 'targets -set -filter {jtag_cable_name =~ "Digilent Zybo 210279652913A" && level==0} -index 1' command is executed.
12:05:41 INFO  : FPGA configured successfully with bitstream "D:/Project/Vivado/Terminated_project/ZYBO_Video/ZYBO_Video.runs/impl_1/demo_wrapper.bit"
12:05:53 INFO  : ps7_init is completed.
12:05:54 INFO  : ps7_post_config is completed.
12:05:54 INFO  : Processor reset is completed for ps7_cortexa9_0
12:09:35 INFO  : ps7_cortexa9_0 Processor is in use. Please stop existing Run or Debug sessions before launching.
12:09:36 INFO  : Processor reset is completed for ps7_cortexa9_0
12:18:28 INFO  : Connected to target on host '127.0.0.1' and port '3121'.
12:18:28 INFO  : 'targets -set -filter {jtag_cable_name =~ "Digilent Zybo 210279652913A" && level==0} -index 1' command is executed.
12:18:29 INFO  : FPGA configured successfully with bitstream "D:/Project/Vivado/Terminated_project/ZYBO_Video/ZYBO_Video.sdk/demo_wrapper_hw_platform_1/demo_wrapper.bit"
12:18:34 INFO  : ps7_cortexa9_0 Processor is in use. Please stop existing Run or Debug sessions before launching.
12:18:42 ERROR : Unexpected error while launching program.
java.lang.RuntimeException: Error in Resetting Target

    Could not stop the processor after reset


	at com.xilinx.sdk.targetmanager.internal.TM.doProcessorReset(TM.java:1011)
	at com.xilinx.sdk.debug.core.XilinxAppLaunchConfigurationDelegate.runTargetSetup(XilinxAppLaunchConfigurationDelegate.java:534)
	at com.xilinx.sdk.debug.core.XilinxAppLaunchConfigurationDelegate.runApplication(XilinxAppLaunchConfigurationDelegate.java:616)
	at com.xilinx.sdk.debug.core.XilinxAppLaunchConfigurationDelegate.launch(XilinxAppLaunchConfigurationDelegate.java:309)
	at com.xilinx.sdk.debug.ui.XilinxAppLaunchDelegateWrapper.launch(XilinxAppLaunchDelegateWrapper.java:31)
	at org.eclipse.debug.internal.core.LaunchConfiguration.launch(LaunchConfiguration.java:885)
	at org.eclipse.debug.internal.core.LaunchConfiguration.launch(LaunchConfiguration.java:739)
	at org.eclipse.debug.internal.ui.DebugUIPlugin.buildAndLaunch(DebugUIPlugin.java:1039)
	at org.eclipse.debug.internal.ui.DebugUIPlugin$8.run(DebugUIPlugin.java:1256)
	at org.eclipse.core.internal.jobs.Worker.run(Worker.java:55)
12:18:49 INFO  : Connected to target on host '127.0.0.1' and port '3121'.
12:18:49 INFO  : 'targets -set -filter {jtag_cable_name =~ "Digilent Zybo 210279652913A" && level==0} -index 1' command is executed.
12:18:50 INFO  : FPGA configured successfully with bitstream "D:/Project/Vivado/Terminated_project/ZYBO_Video/ZYBO_Video.sdk/demo_wrapper_hw_platform_1/demo_wrapper.bit"
12:18:55 INFO  : ps7_init is completed.
12:18:56 INFO  : ps7_post_config is completed.
12:18:56 INFO  : Processor reset is completed for ps7_cortexa9_0
12:19:57 INFO  : Connected to target on host '127.0.0.1' and port '3121'.
12:19:57 INFO  : 'targets -set -filter {jtag_cable_name =~ "Digilent Zybo 210279652913A" && level==0} -index 1' command is executed.
12:19:58 INFO  : FPGA configured successfully with bitstream "D:/Project/Vivado/Terminated_project/ZYBO_Video/ZYBO_Video.sdk/demo_wrapper_hw_platform_0/demo_wrapper.bit"
12:20:02 INFO  : ps7_init is completed.
12:20:02 INFO  : ps7_post_config is completed.
12:20:02 INFO  : Processor reset is completed for ps7_cortexa9_0
12:20:15 INFO  : Connected to target on host '127.0.0.1' and port '3121'.
12:20:15 INFO  : 'targets -set -filter {jtag_cable_name =~ "Digilent Zybo 210279652913A" && level==0} -index 1' command is executed.
12:20:16 INFO  : FPGA configured successfully with bitstream "D:/Project/Vivado/Terminated_project/ZYBO_Video/ZYBO_Video.runs/impl_1/demo_wrapper.bit"
12:20:23 INFO  : Connected to target on host '127.0.0.1' and port '3121'.
12:20:23 INFO  : 'targets -set -filter {jtag_cable_name =~ "Digilent Zybo 210279652913A" && level==0} -index 1' command is executed.
12:20:24 INFO  : FPGA configured successfully with bitstream "D:/Project/Vivado/Terminated_project/ZYBO_Video/ZYBO_Video.runs/impl_1/demo_wrapper.bit"
12:20:29 INFO  : ps7_init is completed.
12:20:29 INFO  : ps7_post_config is completed.
12:20:29 INFO  : Processor reset is completed for ps7_cortexa9_0
12:28:22 INFO  : Connected to target on host '127.0.0.1' and port '3121'.
12:28:23 INFO  : 'targets -set -filter {jtag_cable_name =~ "Digilent Zybo 210279652913A" && level==0} -index 1' command is executed.
12:28:24 INFO  : FPGA configured successfully with bitstream "D:/Project/Vivado/Terminated_project/ZYBO_Video/ZYBO_Video.runs/impl_1/demo_wrapper.bit"
12:28:28 INFO  : ps7_init is completed.
12:28:28 INFO  : ps7_post_config is completed.
12:28:29 INFO  : Processor reset is completed for ps7_cortexa9_0
12:31:01 INFO  : ps7_cortexa9_0 Processor is in use. Please stop existing Run or Debug sessions before launching.
12:31:02 INFO  : Processor reset is completed for ps7_cortexa9_0
12:31:36 INFO  : ps7_cortexa9_0 Processor is in use. Please stop existing Run or Debug sessions before launching.
12:31:38 INFO  : Processor reset is completed for ps7_cortexa9_0
12:32:01 INFO  : ps7_cortexa9_0 Processor is in use. Please stop existing Run or Debug sessions before launching.
12:32:03 INFO  : Processor reset is completed for ps7_cortexa9_0
12:32:27 INFO  : ps7_cortexa9_0 Processor is in use. Please stop existing Run or Debug sessions before launching.
12:32:28 INFO  : Processor reset is completed for ps7_cortexa9_0
12:32:42 INFO  : ps7_cortexa9_0 Processor is in use. Please stop existing Run or Debug sessions before launching.
12:32:43 INFO  : Processor reset is completed for ps7_cortexa9_0
12:33:05 INFO  : ps7_cortexa9_0 Processor is in use. Please stop existing Run or Debug sessions before launching.
12:33:06 INFO  : Processor reset is completed for ps7_cortexa9_0
12:33:26 INFO  : ps7_cortexa9_0 Processor is in use. Please stop existing Run or Debug sessions before launching.
12:33:28 INFO  : Processor reset is completed for ps7_cortexa9_0
12:33:50 INFO  : ps7_cortexa9_0 Processor is in use. Please stop existing Run or Debug sessions before launching.
12:33:51 INFO  : Processor reset is completed for ps7_cortexa9_0
12:34:02 INFO  : ps7_cortexa9_0 Processor is in use. Please stop existing Run or Debug sessions before launching.
12:34:04 INFO  : Processor reset is completed for ps7_cortexa9_0
12:47:39 INFO  : Connected to target on host '127.0.0.1' and port '3121'.
12:47:40 INFO  : 'targets -set -filter {jtag_cable_name =~ "Digilent Zybo 210279652913A" && level==0} -index 1' command is executed.
12:47:41 INFO  : FPGA configured successfully with bitstream "D:/Project/Vivado/Terminated_project/ZYBO_Video/ZYBO_Video.runs/impl_1/demo_wrapper.bit"
12:47:45 INFO  : ps7_init is completed.
12:47:45 INFO  : ps7_post_config is completed.
12:47:46 INFO  : Processor reset is completed for ps7_cortexa9_0
12:48:09 INFO  : ps7_cortexa9_0 Processor is in use. Please stop existing Run or Debug sessions before launching.
12:48:10 INFO  : Processor reset is completed for ps7_cortexa9_0
13:00:59 INFO  : Connected to target on host '127.0.0.1' and port '3121'.
13:00:59 INFO  : 'targets -set -filter {jtag_cable_name =~ "Digilent Zybo 210279652913A" && level==0} -index 1' command is executed.
13:01:00 INFO  : FPGA configured successfully with bitstream "D:/Project/Vivado/Terminated_project/ZYBO_Video/ZYBO_Video.runs/impl_1/demo_wrapper.bit"
13:01:09 INFO  : ps7_init is completed.
13:01:09 INFO  : ps7_post_config is completed.
13:01:09 INFO  : Processor reset is completed for ps7_cortexa9_0
13:01:26 INFO  : ps7_cortexa9_0 Processor is in use. Please stop existing Run or Debug sessions before launching.
13:01:27 INFO  : Processor reset is completed for ps7_cortexa9_0
13:01:47 INFO  : Connected to target on host '127.0.0.1' and port '3121'.
13:01:47 INFO  : 'targets -set -filter {jtag_cable_name =~ "Digilent Zybo 210279652913A" && level==0} -index 1' command is executed.
13:01:48 INFO  : FPGA configured successfully with bitstream "D:/Project/Vivado/Terminated_project/ZYBO_Video/ZYBO_Video.sdk/demo_wrapper_hw_platform_0/demo_wrapper.bit"
13:01:55 INFO  : Connected to target on host '127.0.0.1' and port '3121'.
13:01:55 INFO  : 'targets -set -filter {jtag_cable_name =~ "Digilent Zybo 210279652913A" && level==0} -index 1' command is executed.
13:01:56 INFO  : FPGA configured successfully with bitstream "D:/Project/Vivado/Terminated_project/ZYBO_Video/ZYBO_Video.sdk/demo_wrapper_hw_platform_0/demo_wrapper.bit"
13:02:02 INFO  : ps7_init is completed.
13:02:02 INFO  : ps7_post_config is completed.
13:02:02 INFO  : Processor reset is completed for ps7_cortexa9_0
13:10:39 INFO  : Connected to target on host '127.0.0.1' and port '3121'.
13:10:39 INFO  : 'targets -set -filter {jtag_cable_name =~ "Digilent Zybo 210279652913A" && level==0} -index 1' command is executed.
13:10:40 INFO  : FPGA configured successfully with bitstream "D:/Project/Vivado/Terminated_project/ZYBO_Video/ZYBO_Video.runs/impl_1/demo_wrapper.bit"
13:10:45 INFO  : ps7_init is completed.
13:10:45 INFO  : ps7_post_config is completed.
13:10:45 INFO  : Processor reset is completed for ps7_cortexa9_0
13:11:55 ERROR : Unexpected error while parsing XMD response ?: com.google.gson.JsonSyntaxException: com.google.gson.stream.MalformedJsonException: invalid number or unquoted string near 
16:37:45 INFO  : Launching XSCT server: xsct.bat -interactive D:\Project\Vivado\Terminated_project\ZYBO_Video\ZYBO_Video.sdk\temp_xsdb_launch_script.tcl
16:37:45 INFO  : Registering command handlers for SDK TCF services
16:37:47 INFO  : XSCT server has started successfully.
16:37:47 INFO  : Successfully done setting XSCT server connection channel  
16:37:54 INFO  : Successfully done setting SDK workspace  
16:37:54 INFO  : Processing command line option -hwspec D:/Project/Vivado/Terminated_project/ZYBO_Video/ZYBO_Video.sdk/demo_wrapper.hdf.
16:37:54 INFO  : Checking for hwspec changes in the project demo_wrapper_hw_platform_1.
16:38:16 INFO  : Connected to target on host '127.0.0.1' and port '3121'.
16:38:19 INFO  : Connected to target on host '127.0.0.1' and port '3121'.
16:38:20 INFO  : 'targets -set -filter {jtag_cable_name =~ "Digilent Zybo 210279652913A" && level==0} -index 1' command is executed.
16:38:22 INFO  : FPGA configured successfully with bitstream "D:/Project/Vivado/Terminated_project/ZYBO_Video/ZYBO_Video.runs/impl_1/demo_wrapper.bit"
16:38:33 INFO  : ps7_init is completed.
16:38:33 INFO  : ps7_post_config is completed.
16:38:33 INFO  : Processor reset is completed for ps7_cortexa9_0
16:38:43 INFO  : ps7_cortexa9_0 Processor is in use. Please stop existing Run or Debug sessions before launching.
16:38:45 INFO  : Processor reset is completed for ps7_cortexa9_0
16:44:48 ERROR : Unexpected error while parsing XMD response ?: com.google.gson.JsonSyntaxException: com.google.gson.stream.MalformedJsonException: invalid number or unquoted string near 
