Copyright 1986-2017 Xilinx, Inc. All Rights Reserved.
------------------------------------------------------------------------------------
| Tool Version : Vivado v.2017.2 (win64) Build 1909853 Thu Jun 15 18:39:09 MDT 2017
| Date         : Thu Oct 12 13:03:21 2017
| Host         : Beat running 64-bit major release  (build 9200)
| Command      : upgrade_ip
| Device       : xc7z010clg400-1
------------------------------------------------------------------------------------

Upgrade Log for IP 'demo_Axis2VGA_0_0'

1. Summary
----------

SUCCESS in the upgrade of demo_Axis2VGA_0_0 (xilinx.com:user:Axis2VGA:1.0) from (Rev. 11) to (Rev. 12)






Copyright 1986-2017 Xilinx, Inc. All Rights Reserved.
------------------------------------------------------------------------------------
| Tool Version : Vivado v.2017.2 (win64) Build 1909853 Thu Jun 15 18:39:09 MDT 2017
| Date         : Thu Oct 12 12:53:08 2017
| Host         : Beat running 64-bit major release  (build 9200)
| Command      : upgrade_ip
| Device       : xc7z010clg400-1
------------------------------------------------------------------------------------

Upgrade Log for IP 'demo_Axis2VGA_0_0'

1. Summary
----------

SUCCESS in the upgrade of demo_Axis2VGA_0_0 (xilinx.com:user:Axis2VGA:1.0) from (Rev. 10) to (Rev. 11)






Copyright 1986-2017 Xilinx, Inc. All Rights Reserved.
------------------------------------------------------------------------------------
| Tool Version : Vivado v.2017.2 (win64) Build 1909853 Thu Jun 15 18:39:09 MDT 2017
| Date         : Thu Oct 12 12:37:52 2017
| Host         : Beat running 64-bit major release  (build 9200)
| Command      : upgrade_ip
| Device       : xc7z010clg400-1
------------------------------------------------------------------------------------

Upgrade Log for IP 'demo_Axis2VGA_0_0'

1. Summary
----------

SUCCESS in the upgrade of demo_Axis2VGA_0_0 (xilinx.com:user:Axis2VGA:1.0) from (Rev. 9) to (Rev. 10)






Copyright 1986-2017 Xilinx, Inc. All Rights Reserved.
------------------------------------------------------------------------------------
| Tool Version : Vivado v.2017.2 (win64) Build 1909853 Thu Jun 15 18:39:09 MDT 2017
| Date         : Thu Oct 12 12:22:45 2017
| Host         : Beat running 64-bit major release  (build 9200)
| Command      : upgrade_ip
| Device       : xc7z010clg400-1
------------------------------------------------------------------------------------

Upgrade Log for IP 'demo_Axis2VGA_0_0'

1. Summary
----------

SUCCESS in the upgrade of demo_Axis2VGA_0_0 (xilinx.com:user:Axis2VGA:1.0) from (Rev. 8) to (Rev. 9)






Copyright 1986-2017 Xilinx, Inc. All Rights Reserved.
------------------------------------------------------------------------------------
| Tool Version : Vivado v.2017.2 (win64) Build 1909853 Thu Jun 15 18:39:09 MDT 2017
| Date         : Thu Oct 12 12:12:52 2017
| Host         : Beat running 64-bit major release  (build 9200)
| Command      : upgrade_ip
| Device       : xc7z010clg400-1
------------------------------------------------------------------------------------

Upgrade Log for IP 'demo_Axis2VGA_0_0'

1. Summary
----------

SUCCESS in the upgrade of demo_Axis2VGA_0_0 (xilinx.com:user:Axis2VGA:1.0) from (Rev. 7) to (Rev. 8)






Copyright 1986-2017 Xilinx, Inc. All Rights Reserved.
------------------------------------------------------------------------------------
| Tool Version : Vivado v.2017.2 (win64) Build 1909853 Thu Jun 15 18:39:09 MDT 2017
| Date         : Thu Oct 12 11:27:29 2017
| Host         : Beat running 64-bit major release  (build 9200)
| Command      : upgrade_ip
| Device       : xc7z010clg400-1
------------------------------------------------------------------------------------

Upgrade Log for IP 'demo_Axis2VGA_0_0'

1. Summary
----------

SUCCESS in the upgrade of demo_Axis2VGA_0_0 (xilinx.com:user:Axis2VGA:1.0) from (Rev. 5) to (Rev. 7)






Copyright 1986-2017 Xilinx, Inc. All Rights Reserved.
------------------------------------------------------------------------------------
| Tool Version : Vivado v.2017.2 (win64) Build 1909853 Thu Jun 15 18:39:09 MDT 2017
| Date         : Mon Oct  9 13:16:23 2017
| Host         : Beat running 64-bit major release  (build 9200)
| Command      : upgrade_ip
| Device       : xc7z010clg400-1
------------------------------------------------------------------------------------

Upgrade Log for IP 'demo_Axis2VGA_0_0'

1. Summary
----------

SUCCESS in the upgrade of demo_Axis2VGA_0_0 (xilinx.com:user:Axis2VGA:1.0) from (Rev. 4) to (Rev. 5)






Copyright 1986-2017 Xilinx, Inc. All Rights Reserved.
------------------------------------------------------------------------------------
| Tool Version : Vivado v.2017.2 (win64) Build 1909853 Thu Jun 15 18:39:09 MDT 2017
| Date         : Mon Oct  9 13:11:14 2017
| Host         : Beat running 64-bit major release  (build 9200)
| Command      : upgrade_ip
| Device       : xc7z010clg400-1
------------------------------------------------------------------------------------

Upgrade Log for IP 'demo_OvSensor2Axis_0_0'

1. Summary
----------

SUCCESS in the upgrade of demo_OvSensor2Axis_0_0 (xilinx.com:user:OvSensor2Axis:1.0) from (Rev. 4) to (Rev. 5)






Copyright 1986-2017 Xilinx, Inc. All Rights Reserved.
------------------------------------------------------------------------------------
| Tool Version : Vivado v.2017.2 (win64) Build 1909853 Thu Jun 15 18:39:09 MDT 2017
| Date         : Mon Oct  9 13:11:14 2017
| Host         : Beat running 64-bit major release  (build 9200)
| Command      : upgrade_ip
| Device       : xc7z010clg400-1
------------------------------------------------------------------------------------

Upgrade Log for IP 'demo_Axis2VGA_0_0'

1. Summary
----------

SUCCESS in the upgrade of demo_Axis2VGA_0_0 (xilinx.com:user:Axis2VGA:1.0) from (Rev. 3) to (Rev. 4)






Copyright 1986-2017 Xilinx, Inc. All Rights Reserved.
------------------------------------------------------------------------------------
| Tool Version : Vivado v.2017.2 (win64) Build 1909853 Thu Jun 15 18:39:09 MDT 2017
| Date         : Mon Oct  9 12:55:04 2017
| Host         : Beat running 64-bit major release  (build 9200)
| Command      : upgrade_ip
| Device       : xc7z010clg400-1
------------------------------------------------------------------------------------

Upgrade Log for IP 'demo_OvSensor2Axis_0_0'

1. Summary
----------

SUCCESS in the conversion of demo_OvSensor2Axis_0_0 (xilinx.com:user:OvSensor2Axis:1.0 (Rev. 4)) to Vivado generation flows.






Copyright 1986-2017 Xilinx, Inc. All Rights Reserved.
------------------------------------------------------------------------------------
| Tool Version : Vivado v.2017.2 (win64) Build 1909853 Thu Jun 15 18:39:09 MDT 2017
| Date         : Mon Oct  9 12:55:04 2017
| Host         : Beat running 64-bit major release  (build 9200)
| Command      : upgrade_ip
| Device       : xc7z010clg400-1
------------------------------------------------------------------------------------

Upgrade Log for IP 'demo_Axis2VGA_0_0'

1. Summary
----------

SUCCESS in the upgrade of demo_Axis2VGA_0_0 (xilinx.com:user:Axis2VGA:1.0) from (Rev. 2) to (Rev. 3)






Copyright 1986-2017 Xilinx, Inc. All Rights Reserved.
------------------------------------------------------------------------------------
| Tool Version : Vivado v.2017.2 (win64) Build 1909853 Thu Jun 15 18:39:09 MDT 2017
| Date         : Mon Oct  9 11:22:16 2017
| Host         : Beat running 64-bit major release  (build 9200)
| Command      : upgrade_ip
| Device       : xc7z010clg400-1
------------------------------------------------------------------------------------

Upgrade Log for IP 'demo_OvSensor2Axis_0_0'

1. Summary
----------

SUCCESS in the upgrade of demo_OvSensor2Axis_0_0 (xilinx.com:user:OvSensor2Axis:1.0) from (Rev. 3) to (Rev. 4)






Copyright 1986-2017 Xilinx, Inc. All Rights Reserved.
------------------------------------------------------------------------------------
| Tool Version : Vivado v.2017.2 (win64) Build 1909853 Thu Jun 15 18:39:09 MDT 2017
| Date         : Mon Oct  9 11:11:06 2017
| Host         : Beat running 64-bit major release  (build 9200)
| Command      : upgrade_ip
| Device       : xc7z010clg400-1
------------------------------------------------------------------------------------

Upgrade Log for IP 'demo_OvSensor2Axis_0_0'

1. Summary
----------

SUCCESS in the upgrade of demo_OvSensor2Axis_0_0 (xilinx.com:user:OvSensor2Axis:1.0) from (Rev. 2) to (Rev. 3)

