#-----------------------------------------------------------
# Vivado v2017.2 (64-bit)
# SW Build 1909853 on Thu Jun 15 18:39:09 MDT 2017
# IP Build 1909766 on Thu Jun 15 19:58:00 MDT 2017
# Start of session at: Mon Oct  9 15:58:35 2017
# Process ID: 11408
# Current directory: D:/Project/Vivado/ZYBO_Video
# Command line: vivado.exe -gui_launcher_event rodinguilauncherevent1372 D:\Project\Vivado\ZYBO_Video\ZYBO_Video.xpr
# Log file: D:/Project/Vivado/ZYBO_Video/vivado.log
# Journal file: D:/Project/Vivado/ZYBO_Video\vivado.jou
#-----------------------------------------------------------
start_gui
open_project D:/Project/Vivado/ZYBO_Video/ZYBO_Video.xpr
Scanning sources...
Finished scanning sources
INFO: [IP_Flow 19-234] Refreshing IP repositories
INFO: [IP_Flow 19-1700] Loaded user IP repository 'd:/Project/Vivado/IP'.
INFO: [IP_Flow 19-2313] Loaded Vivado IP repository 'C:/Xilinx/Vivado/2017.2/data/ip'.
WARNING: [IP_Flow 19-4830] Duplicate Interface found for 'xilinx.com:display_axi_pcie:transceiver_debug:1.0'. The one found in location 'd:/Project/Vivado/IP/axi_pcie_v2_3/interfaces/transceiver_debug.xml' will take precedence over the same Interface in location 'c:/Xilinx/Vivado/2017.2/data/ip/xilinx/axi_pcie_v2_8/interfaces/transceiver_debug.xml'
WARNING: [IP_Flow 19-3664] IP 'demo_auto_pc_1' generated file not found 'd:/Project/Vivado/ZYBO_Video/ZYBO_Video.srcs/sources_1/bd/demo/ip/demo_auto_pc_1/stats.txt'. Please regenerate to continue.
WARNING: [IP_Flow 19-3664] IP 'demo_auto_pc_0' generated file not found 'd:/Project/Vivado/ZYBO_Video/ZYBO_Video.srcs/sources_1/bd/demo/ip/demo_auto_pc_0/stats.txt'. Please regenerate to continue.
open_project: Time (s): cpu = 00:00:18 ; elapsed = 00:00:09 . Memory (MB): peak = 937.043 ; gain = 183.000
open_bd_design {D:/Project/Vivado/ZYBO_Video/ZYBO_Video.srcs/sources_1/bd/demo/demo.bd}
Adding cell -- xilinx.com:ip:processing_system7:5.5 - processing_system7_0
Adding cell -- xilinx.com:ip:proc_sys_reset:5.0 - rst_ps7_0_100M
Adding cell -- xilinx.com:ip:axi_vdma:6.3 - axi_vdma_0
Adding cell -- xilinx.com:ip:axi_gpio:2.0 - axi_gpio_0
Adding cell -- xilinx.com:ip:xlconcat:2.1 - xlconcat_0
Adding cell -- xilinx.com:user:OvSensor2Axis:1.0 - OvSensor2Axis_0
Adding cell -- xilinx.com:user:Axis2VGA:1.0 - Axis2VGA_0
WARNING: [BD 41-1731] Type mismatch between connected pins: /axi_gpio_0/gpio_io_o(undef) and /OvSensor2Axis_0/en(ce)
Adding cell -- xilinx.com:ip:axi_crossbar:2.1 - xbar
Adding cell -- xilinx.com:ip:axi_protocol_converter:2.1 - auto_pc
Adding cell -- xilinx.com:ip:axi_crossbar:2.1 - xbar
Adding cell -- xilinx.com:ip:axi_protocol_converter:2.1 - auto_pc
Successfully read diagram <demo> from BD file <D:/Project/Vivado/ZYBO_Video/ZYBO_Video.srcs/sources_1/bd/demo/demo.bd>
open_bd_design: Time (s): cpu = 00:00:09 ; elapsed = 00:00:07 . Memory (MB): peak = 994.145 ; gain = 47.336
update_compile_order -fileset sources_1
exit
INFO: [Common 17-206] Exiting Vivado at Mon Oct  9 16:14:43 2017...
