#-----------------------------------------------------------
# Vivado v2017.2 (64-bit)
# SW Build 1909853 on Thu Jun 15 18:39:09 MDT 2017
# IP Build 1909766 on Thu Jun 15 19:58:00 MDT 2017
# Start of session at: Mon Oct  9 15:50:40 2017
# Process ID: 12904
# Current directory: D:/Project/Vivado/ZYBO_Video
# Command line: vivado.exe -gui_launcher_event rodinguilauncherevent11628 D:\Project\Vivado\ZYBO_Video\ZYBO_Video.xpr
# Log file: D:/Project/Vivado/ZYBO_Video/vivado.log
# Journal file: D:/Project/Vivado/ZYBO_Video\vivado.jou
#-----------------------------------------------------------
start_gui
open_project D:/Project/Vivado/ZYBO_Video/ZYBO_Video.xpr
Scanning sources...
Finished scanning sources
INFO: [IP_Flow 19-234] Refreshing IP repositories
INFO: [IP_Flow 19-1700] Loaded user IP repository 'd:/Project/Vivado/IP'.
INFO: [IP_Flow 19-2313] Loaded Vivado IP repository 'C:/Xilinx/Vivado/2017.2/data/ip'.
WARNING: [IP_Flow 19-4830] Duplicate Interface found for 'xilinx.com:display_axi_pcie:transceiver_debug:1.0'. The one found in location 'd:/Project/Vivado/IP/axi_pcie_v2_3/interfaces/transceiver_debug.xml' will take precedence over the same Interface in location 'c:/Xilinx/Vivado/2017.2/data/ip/xilinx/axi_pcie_v2_8/interfaces/transceiver_debug.xml'
WARNING: [IP_Flow 19-3664] IP 'demo_auto_pc_1' generated file not found 'd:/Project/Vivado/ZYBO_Video/ZYBO_Video.srcs/sources_1/bd/demo/ip/demo_auto_pc_1/stats.txt'. Please regenerate to continue.
WARNING: [IP_Flow 19-3664] IP 'demo_auto_pc_0' generated file not found 'd:/Project/Vivado/ZYBO_Video/ZYBO_Video.srcs/sources_1/bd/demo/ip/demo_auto_pc_0/stats.txt'. Please regenerate to continue.
open_project: Time (s): cpu = 00:00:17 ; elapsed = 00:00:09 . Memory (MB): peak = 935.238 ; gain = 195.645
exit
INFO: [Common 17-206] Exiting Vivado at Mon Oct  9 15:51:03 2017...
