
*** Running vivado
    with args -log demo_xbar_1.vds -m64 -product Vivado -mode batch -messageDb vivado.pb -notrace -source demo_xbar_1.tcl


****** Vivado v2017.2 (64-bit)
  **** SW Build 1909853 on Thu Jun 15 18:39:09 MDT 2017
  **** IP Build 1909766 on Thu Jun 15 19:58:00 MDT 2017
    ** Copyright 1986-2017 Xilinx, Inc. All Rights Reserved.

source demo_xbar_1.tcl -notrace
Starting RTL Elaboration : Time (s): cpu = 00:00:07 ; elapsed = 00:00:08 . Memory (MB): peak = 369.219 ; gain = 85.527
INFO: [Synth 8-638] synthesizing module 'demo_xbar_1' [d:/Project/Vivado/ZYBO_Video/ZYBO_Video.srcs/sources_1/bd/demo/ip/demo_xbar_1/synth/demo_xbar_1.v:59]
INFO: [Synth 8-638] synthesizing module 'axi_crossbar_v2_1_14_axi_crossbar' [d:/Project/Vivado/ZYBO_Video/ZYBO_Video.srcs/sources_1/bd/demo/ipshared/f582/hdl/axi_crossbar_v2_1_vl_rfs.v:4882]
INFO: [Synth 8-638] synthesizing module 'axi_crossbar_v2_1_14_crossbar_sasd' [d:/Project/Vivado/ZYBO_Video/ZYBO_Video.srcs/sources_1/bd/demo/ipshared/f582/hdl/axi_crossbar_v2_1_vl_rfs.v:1240]
INFO: [Synth 8-638] synthesizing module 'axi_crossbar_v2_1_14_addr_decoder' [d:/Project/Vivado/ZYBO_Video/ZYBO_Video.srcs/sources_1/bd/demo/ipshared/f582/hdl/axi_crossbar_v2_1_vl_rfs.v:794]
INFO: [Synth 8-638] synthesizing module 'generic_baseblocks_v2_1_0_comparator_static' [d:/Project/Vivado/ZYBO_Video/ZYBO_Video.srcs/sources_1/bd/demo/ipshared/f9c1/hdl/generic_baseblocks_v2_1_vl_rfs.v:2133]
INFO: [Synth 8-638] synthesizing module 'generic_baseblocks_v2_1_0_carry_and' [d:/Project/Vivado/ZYBO_Video/ZYBO_Video.srcs/sources_1/bd/demo/ipshared/f9c1/hdl/generic_baseblocks_v2_1_vl_rfs.v:62]
INFO: [Synth 8-256] done synthesizing module 'generic_baseblocks_v2_1_0_carry_and' (1#1) [d:/Project/Vivado/ZYBO_Video/ZYBO_Video.srcs/sources_1/bd/demo/ipshared/f9c1/hdl/generic_baseblocks_v2_1_vl_rfs.v:62]
INFO: [Synth 8-256] done synthesizing module 'generic_baseblocks_v2_1_0_comparator_static' (2#1) [d:/Project/Vivado/ZYBO_Video/ZYBO_Video.srcs/sources_1/bd/demo/ipshared/f9c1/hdl/generic_baseblocks_v2_1_vl_rfs.v:2133]
INFO: [Synth 8-638] synthesizing module 'generic_baseblocks_v2_1_0_comparator_static__parameterized0' [d:/Project/Vivado/ZYBO_Video/ZYBO_Video.srcs/sources_1/bd/demo/ipshared/f9c1/hdl/generic_baseblocks_v2_1_vl_rfs.v:2133]
INFO: [Synth 8-256] done synthesizing module 'generic_baseblocks_v2_1_0_comparator_static__parameterized0' (2#1) [d:/Project/Vivado/ZYBO_Video/ZYBO_Video.srcs/sources_1/bd/demo/ipshared/f9c1/hdl/generic_baseblocks_v2_1_vl_rfs.v:2133]
INFO: [Synth 8-638] synthesizing module 'generic_baseblocks_v2_1_0_comparator_static__parameterized1' [d:/Project/Vivado/ZYBO_Video/ZYBO_Video.srcs/sources_1/bd/demo/ipshared/f9c1/hdl/generic_baseblocks_v2_1_vl_rfs.v:2133]
INFO: [Synth 8-256] done synthesizing module 'generic_baseblocks_v2_1_0_comparator_static__parameterized1' (2#1) [d:/Project/Vivado/ZYBO_Video/ZYBO_Video.srcs/sources_1/bd/demo/ipshared/f9c1/hdl/generic_baseblocks_v2_1_vl_rfs.v:2133]
INFO: [Synth 8-256] done synthesizing module 'axi_crossbar_v2_1_14_addr_decoder' (3#1) [d:/Project/Vivado/ZYBO_Video/ZYBO_Video.srcs/sources_1/bd/demo/ipshared/f582/hdl/axi_crossbar_v2_1_vl_rfs.v:794]
INFO: [Synth 8-638] synthesizing module 'axi_crossbar_v2_1_14_decerr_slave' [d:/Project/Vivado/ZYBO_Video/ZYBO_Video.srcs/sources_1/bd/demo/ipshared/f582/hdl/axi_crossbar_v2_1_vl_rfs.v:3500]
INFO: [Synth 8-256] done synthesizing module 'axi_crossbar_v2_1_14_decerr_slave' (4#1) [d:/Project/Vivado/ZYBO_Video/ZYBO_Video.srcs/sources_1/bd/demo/ipshared/f582/hdl/axi_crossbar_v2_1_vl_rfs.v:3500]
INFO: [Synth 8-638] synthesizing module 'axi_crossbar_v2_1_14_addr_arbiter_sasd' [d:/Project/Vivado/ZYBO_Video/ZYBO_Video.srcs/sources_1/bd/demo/ipshared/f582/hdl/axi_crossbar_v2_1_vl_rfs.v:65]
INFO: [Synth 8-256] done synthesizing module 'axi_crossbar_v2_1_14_addr_arbiter_sasd' (5#1) [d:/Project/Vivado/ZYBO_Video/ZYBO_Video.srcs/sources_1/bd/demo/ipshared/f582/hdl/axi_crossbar_v2_1_vl_rfs.v:65]
INFO: [Synth 8-638] synthesizing module 'axi_crossbar_v2_1_14_splitter' [d:/Project/Vivado/ZYBO_Video/ZYBO_Video.srcs/sources_1/bd/demo/ipshared/f582/hdl/axi_crossbar_v2_1_vl_rfs.v:4459]
INFO: [Synth 8-256] done synthesizing module 'axi_crossbar_v2_1_14_splitter' (6#1) [d:/Project/Vivado/ZYBO_Video/ZYBO_Video.srcs/sources_1/bd/demo/ipshared/f582/hdl/axi_crossbar_v2_1_vl_rfs.v:4459]
INFO: [Synth 8-638] synthesizing module 'axi_crossbar_v2_1_14_splitter__parameterized0' [d:/Project/Vivado/ZYBO_Video/ZYBO_Video.srcs/sources_1/bd/demo/ipshared/f582/hdl/axi_crossbar_v2_1_vl_rfs.v:4459]
INFO: [Synth 8-256] done synthesizing module 'axi_crossbar_v2_1_14_splitter__parameterized0' (6#1) [d:/Project/Vivado/ZYBO_Video/ZYBO_Video.srcs/sources_1/bd/demo/ipshared/f582/hdl/axi_crossbar_v2_1_vl_rfs.v:4459]
INFO: [Synth 8-638] synthesizing module 'generic_baseblocks_v2_1_0_mux_enc' [d:/Project/Vivado/ZYBO_Video/ZYBO_Video.srcs/sources_1/bd/demo/ipshared/f9c1/hdl/generic_baseblocks_v2_1_vl_rfs.v:2452]
INFO: [Synth 8-256] done synthesizing module 'generic_baseblocks_v2_1_0_mux_enc' (7#1) [d:/Project/Vivado/ZYBO_Video/ZYBO_Video.srcs/sources_1/bd/demo/ipshared/f9c1/hdl/generic_baseblocks_v2_1_vl_rfs.v:2452]
INFO: [Synth 8-638] synthesizing module 'generic_baseblocks_v2_1_0_mux_enc__parameterized0' [d:/Project/Vivado/ZYBO_Video/ZYBO_Video.srcs/sources_1/bd/demo/ipshared/f9c1/hdl/generic_baseblocks_v2_1_vl_rfs.v:2452]
INFO: [Synth 8-256] done synthesizing module 'generic_baseblocks_v2_1_0_mux_enc__parameterized0' (7#1) [d:/Project/Vivado/ZYBO_Video/ZYBO_Video.srcs/sources_1/bd/demo/ipshared/f9c1/hdl/generic_baseblocks_v2_1_vl_rfs.v:2452]
INFO: [Synth 8-638] synthesizing module 'generic_baseblocks_v2_1_0_mux_enc__parameterized1' [d:/Project/Vivado/ZYBO_Video/ZYBO_Video.srcs/sources_1/bd/demo/ipshared/f9c1/hdl/generic_baseblocks_v2_1_vl_rfs.v:2452]
INFO: [Synth 8-256] done synthesizing module 'generic_baseblocks_v2_1_0_mux_enc__parameterized1' (7#1) [d:/Project/Vivado/ZYBO_Video/ZYBO_Video.srcs/sources_1/bd/demo/ipshared/f9c1/hdl/generic_baseblocks_v2_1_vl_rfs.v:2452]
INFO: [Synth 8-638] synthesizing module 'axi_register_slice_v2_1_13_axic_register_slice' [d:/Project/Vivado/ZYBO_Video/ZYBO_Video.srcs/sources_1/bd/demo/ipshared/55c0/hdl/axi_register_slice_v2_1_vl_rfs.v:85]
INFO: [Synth 8-256] done synthesizing module 'axi_register_slice_v2_1_13_axic_register_slice' (8#1) [d:/Project/Vivado/ZYBO_Video/ZYBO_Video.srcs/sources_1/bd/demo/ipshared/55c0/hdl/axi_register_slice_v2_1_vl_rfs.v:85]
INFO: [Synth 8-638] synthesizing module 'generic_baseblocks_v2_1_0_mux_enc__parameterized2' [d:/Project/Vivado/ZYBO_Video/ZYBO_Video.srcs/sources_1/bd/demo/ipshared/f9c1/hdl/generic_baseblocks_v2_1_vl_rfs.v:2452]
INFO: [Synth 8-256] done synthesizing module 'generic_baseblocks_v2_1_0_mux_enc__parameterized2' (8#1) [d:/Project/Vivado/ZYBO_Video/ZYBO_Video.srcs/sources_1/bd/demo/ipshared/f9c1/hdl/generic_baseblocks_v2_1_vl_rfs.v:2452]
INFO: [Synth 8-256] done synthesizing module 'axi_crossbar_v2_1_14_crossbar_sasd' (9#1) [d:/Project/Vivado/ZYBO_Video/ZYBO_Video.srcs/sources_1/bd/demo/ipshared/f582/hdl/axi_crossbar_v2_1_vl_rfs.v:1240]
INFO: [Synth 8-256] done synthesizing module 'axi_crossbar_v2_1_14_axi_crossbar' (10#1) [d:/Project/Vivado/ZYBO_Video/ZYBO_Video.srcs/sources_1/bd/demo/ipshared/f582/hdl/axi_crossbar_v2_1_vl_rfs.v:4882]
INFO: [Synth 8-256] done synthesizing module 'demo_xbar_1' (11#1) [d:/Project/Vivado/ZYBO_Video/ZYBO_Video.srcs/sources_1/bd/demo/ip/demo_xbar_1/synth/demo_xbar_1.v:59]
Finished RTL Elaboration : Time (s): cpu = 00:00:14 ; elapsed = 00:00:15 . Memory (MB): peak = 489.453 ; gain = 205.762
Finished RTL Optimization Phase 1 : Time (s): cpu = 00:00:15 ; elapsed = 00:00:15 . Memory (MB): peak = 489.453 ; gain = 205.762
INFO: [Device 21-403] Loading part xc7z010clg400-1
Constraint Validation Runtime : Time (s): cpu = 00:00:00 ; elapsed = 00:00:00.039 . Memory (MB): peak = 712.508 ; gain = 0.000
Finished Constraint Validation : Time (s): cpu = 00:00:26 ; elapsed = 00:00:27 . Memory (MB): peak = 712.508 ; gain = 428.816
Finished Loading Part and Timing Information : Time (s): cpu = 00:00:26 ; elapsed = 00:00:27 . Memory (MB): peak = 712.508 ; gain = 428.816
Finished applying 'set_property' XDC Constraints : Time (s): cpu = 00:00:26 ; elapsed = 00:00:27 . Memory (MB): peak = 712.508 ; gain = 428.816
Finished RTL Optimization Phase 2 : Time (s): cpu = 00:00:27 ; elapsed = 00:00:28 . Memory (MB): peak = 712.508 ; gain = 428.816
Finished Cross Boundary and Area Optimization : Time (s): cpu = 00:00:28 ; elapsed = 00:00:29 . Memory (MB): peak = 712.508 ; gain = 428.816
Finished Applying XDC Timing Constraints : Time (s): cpu = 00:00:42 ; elapsed = 00:00:43 . Memory (MB): peak = 712.508 ; gain = 428.816
Finished Timing Optimization : Time (s): cpu = 00:00:43 ; elapsed = 00:00:44 . Memory (MB): peak = 712.508 ; gain = 428.816
Finished Technology Mapping : Time (s): cpu = 00:00:43 ; elapsed = 00:00:44 . Memory (MB): peak = 712.508 ; gain = 428.816
Finished IO Insertion : Time (s): cpu = 00:00:44 ; elapsed = 00:00:45 . Memory (MB): peak = 712.508 ; gain = 428.816
Finished Renaming Generated Instances : Time (s): cpu = 00:00:44 ; elapsed = 00:00:45 . Memory (MB): peak = 712.508 ; gain = 428.816
Finished Rebuilding User Hierarchy : Time (s): cpu = 00:00:44 ; elapsed = 00:00:45 . Memory (MB): peak = 712.508 ; gain = 428.816
Finished Renaming Generated Ports : Time (s): cpu = 00:00:44 ; elapsed = 00:00:45 . Memory (MB): peak = 712.508 ; gain = 428.816
Finished Handling Custom Attributes : Time (s): cpu = 00:00:44 ; elapsed = 00:00:45 . Memory (MB): peak = 712.508 ; gain = 428.816
Finished Renaming Generated Nets : Time (s): cpu = 00:00:44 ; elapsed = 00:00:45 . Memory (MB): peak = 712.508 ; gain = 428.816

Report Cell Usage: 
+------+-----+------+
|      |Cell |Count |
+------+-----+------+
|1     |LUT1 |     2|
|2     |LUT2 |    10|
|3     |LUT3 |    38|
|4     |LUT4 |    54|
|5     |LUT5 |    52|
|6     |LUT6 |    23|
|7     |FDRE |   131|
+------+-----+------+
Finished Writing Synthesis Report : Time (s): cpu = 00:00:44 ; elapsed = 00:00:45 . Memory (MB): peak = 712.508 ; gain = 428.816
synth_design: Time (s): cpu = 00:00:46 ; elapsed = 00:00:47 . Memory (MB): peak = 712.508 ; gain = 432.441
