
*** Running vivado
    with args -log demo_processing_system7_0_0.vds -m64 -product Vivado -mode batch -messageDb vivado.pb -notrace -source demo_processing_system7_0_0.tcl


****** Vivado v2017.2 (64-bit)
  **** SW Build 1909853 on Thu Jun 15 18:39:09 MDT 2017
  **** IP Build 1909766 on Thu Jun 15 19:58:00 MDT 2017
    ** Copyright 1986-2017 Xilinx, Inc. All Rights Reserved.

source demo_processing_system7_0_0.tcl -notrace
Starting RTL Elaboration : Time (s): cpu = 00:00:04 ; elapsed = 00:00:04 . Memory (MB): peak = 365.152 ; gain = 82.156
INFO: [Synth 8-638] synthesizing module 'demo_processing_system7_0_0' [d:/Project/Vivado/ZYBO_Video/ZYBO_Video.srcs/sources_1/bd/demo/ip/demo_processing_system7_0_0/synth/demo_processing_system7_0_0.v:60]
INFO: [Synth 8-638] synthesizing module 'processing_system7_v5_5_processing_system7' [d:/Project/Vivado/ZYBO_Video/ZYBO_Video.srcs/sources_1/bd/demo/ip/demo_processing_system7_0_0/hdl/verilog/processing_system7_v5_5_processing_system7.v:161]
INFO: [Synth 8-638] synthesizing module 'BUFG' [C:/Xilinx/Vivado/2017.2/scripts/rt/data/unisim_comp.v:607]
INFO: [Synth 8-256] done synthesizing module 'BUFG' (1#1) [C:/Xilinx/Vivado/2017.2/scripts/rt/data/unisim_comp.v:607]
INFO: [Synth 8-638] synthesizing module 'BIBUF' [C:/Xilinx/Vivado/2017.2/scripts/rt/data/unisim_comp.v:268]
INFO: [Synth 8-256] done synthesizing module 'BIBUF' (2#1) [C:/Xilinx/Vivado/2017.2/scripts/rt/data/unisim_comp.v:268]
INFO: [Synth 8-638] synthesizing module 'PS7' [C:/Xilinx/Vivado/2017.2/scripts/rt/data/unisim_comp.v:33527]
INFO: [Synth 8-256] done synthesizing module 'PS7' (3#1) [C:/Xilinx/Vivado/2017.2/scripts/rt/data/unisim_comp.v:33527]
INFO: [Synth 8-256] done synthesizing module 'processing_system7_v5_5_processing_system7' (4#1) [d:/Project/Vivado/ZYBO_Video/ZYBO_Video.srcs/sources_1/bd/demo/ip/demo_processing_system7_0_0/hdl/verilog/processing_system7_v5_5_processing_system7.v:161]
INFO: [Synth 8-256] done synthesizing module 'demo_processing_system7_0_0' (5#1) [d:/Project/Vivado/ZYBO_Video/ZYBO_Video.srcs/sources_1/bd/demo/ip/demo_processing_system7_0_0/synth/demo_processing_system7_0_0.v:60]
Finished RTL Elaboration : Time (s): cpu = 00:00:06 ; elapsed = 00:00:06 . Memory (MB): peak = 406.230 ; gain = 123.234
Finished RTL Optimization Phase 1 : Time (s): cpu = 00:00:06 ; elapsed = 00:00:06 . Memory (MB): peak = 406.230 ; gain = 123.234
INFO: [Device 21-403] Loading part xc7z010clg400-1
Constraint Validation Runtime : Time (s): cpu = 00:00:00 ; elapsed = 00:00:00.050 . Memory (MB): peak = 629.480 ; gain = 0.000
Finished Constraint Validation : Time (s): cpu = 00:00:18 ; elapsed = 00:00:19 . Memory (MB): peak = 629.480 ; gain = 346.484
Finished Loading Part and Timing Information : Time (s): cpu = 00:00:18 ; elapsed = 00:00:19 . Memory (MB): peak = 629.480 ; gain = 346.484
Finished applying 'set_property' XDC Constraints : Time (s): cpu = 00:00:19 ; elapsed = 00:00:19 . Memory (MB): peak = 629.480 ; gain = 346.484
Finished RTL Optimization Phase 2 : Time (s): cpu = 00:00:20 ; elapsed = 00:00:20 . Memory (MB): peak = 629.480 ; gain = 346.484
Finished Cross Boundary and Area Optimization : Time (s): cpu = 00:00:20 ; elapsed = 00:00:21 . Memory (MB): peak = 629.480 ; gain = 346.484
Finished Applying XDC Timing Constraints : Time (s): cpu = 00:00:35 ; elapsed = 00:00:36 . Memory (MB): peak = 838.332 ; gain = 555.336
Finished Timing Optimization : Time (s): cpu = 00:00:35 ; elapsed = 00:00:36 . Memory (MB): peak = 855.430 ; gain = 572.434
Finished Technology Mapping : Time (s): cpu = 00:00:36 ; elapsed = 00:00:37 . Memory (MB): peak = 858.496 ; gain = 575.500
Finished IO Insertion : Time (s): cpu = 00:00:38 ; elapsed = 00:00:39 . Memory (MB): peak = 858.496 ; gain = 575.500
Finished Renaming Generated Instances : Time (s): cpu = 00:00:38 ; elapsed = 00:00:39 . Memory (MB): peak = 858.496 ; gain = 575.500
Finished Rebuilding User Hierarchy : Time (s): cpu = 00:00:38 ; elapsed = 00:00:39 . Memory (MB): peak = 858.496 ; gain = 575.500
Finished Renaming Generated Ports : Time (s): cpu = 00:00:38 ; elapsed = 00:00:39 . Memory (MB): peak = 858.496 ; gain = 575.500
Finished Handling Custom Attributes : Time (s): cpu = 00:00:38 ; elapsed = 00:00:39 . Memory (MB): peak = 858.496 ; gain = 575.500
Finished Renaming Generated Nets : Time (s): cpu = 00:00:38 ; elapsed = 00:00:39 . Memory (MB): peak = 858.496 ; gain = 575.500

Report Cell Usage: 
+------+------+------+
|      |Cell  |Count |
+------+------+------+
|1     |BIBUF |   130|
|2     |BUFG  |     2|
|3     |LUT1  |    50|
|4     |PS7   |     1|
+------+------+------+
Finished Writing Synthesis Report : Time (s): cpu = 00:00:38 ; elapsed = 00:00:39 . Memory (MB): peak = 858.496 ; gain = 575.500
synth_design: Time (s): cpu = 00:00:40 ; elapsed = 00:00:42 . Memory (MB): peak = 872.023 ; gain = 593.219
