#-----------------------------------------------------------
# Webtalk v2017.2 (64-bit)
# SW Build 1909853 on Thu Jun 15 18:39:09 MDT 2017
# 
# Start of session at: Thu Oct  5 12:46:25 2017
# Process ID: 12040
# Current directory: D:/Project/Vivado/ZYBO_Video/ZYBO_Video.sdk/webtalk
# Command line: wbtcv.exe -mode batch -source sdk_webtalk.tcl
# Log file: D:/Project/Vivado/ZYBO_Video/ZYBO_Video.sdk/webtalk/webtalk.log
# Journal file: D:/Project/Vivado/ZYBO_Video/ZYBO_Video.sdk/webtalk\webtalk.jou
#-----------------------------------------------------------
source sdk_webtalk.tcl
# webtalk_init -webtalk_dir D:\\Project\\Vivado\\ZYBO_Video\\ZYBO_Video.sdk\\webtalk
# webtalk_register_client -client project
# webtalk_add_data -client project -key date_generated -value "2017-10-05 12:46:24" -context "software_version_and_target_device"
# webtalk_add_data -client project -key product_version -value "SDK v2017.2" -context "software_version_and_target_device"
# webtalk_add_data -client project -key build_version -value "2017.2" -context "software_version_and_target_device"
# webtalk_add_data -client project -key os_platform -value "amd64" -context "software_version_and_target_device"
# webtalk_add_data -client project -key registration_id -value "" -context "software_version_and_target_device"
# webtalk_add_data -client project -key tool_flow -value "SDK" -context "software_version_and_target_device"
# webtalk_add_data -client project -key beta -value "false" -context "software_version_and_target_device"
# webtalk_add_data -client project -key route_design -value "NA" -context "software_version_and_target_device"
# webtalk_add_data -client project -key target_family -value "NA" -context "software_version_and_target_device"
# webtalk_add_data -client project -key target_device -value "NA" -context "software_version_and_target_device"
# webtalk_add_data -client project -key target_package -value "NA" -context "software_version_and_target_device"
# webtalk_add_data -client project -key target_speed -value "NA" -context "software_version_and_target_device"
# webtalk_add_data -client project -key random_id -value "n9np2t58s9amdc095tihaittvb" -context "software_version_and_target_device"
# webtalk_add_data -client project -key project_id -value "2017.2_1" -context "software_version_and_target_device"
# webtalk_add_data -client project -key project_iteration -value "1" -context "software_version_and_target_device"
# webtalk_add_data -client project -key os_name -value "Microsoft Windows 8 or later , 64-bit" -context "user_environment"
# webtalk_add_data -client project -key os_release -value "major release  (build 9200)" -context "user_environment"
# webtalk_add_data -client project -key cpu_name -value "Intel(R) Core(TM) i7-7700HQ CPU @ 2.80GHz" -context "user_environment"
# webtalk_add_data -client project -key cpu_speed -value "2808 MHz" -context "user_environment"
# webtalk_add_data -client project -key total_processors -value "1" -context "user_environment"
# webtalk_add_data -client project -key system_ram -value "17.000 GB" -context "user_environment"
# webtalk_register_client -client sdk
# webtalk_add_data -client sdk -key uid -value "1507178572393" -context "sdk\\\\hardware/1507178572393"
# webtalk_add_data -client sdk -key isZynq -value "true" -context "sdk\\\\hardware/1507178572393"
# webtalk_add_data -client sdk -key isZynqMP -value "false" -context "sdk\\\\hardware/1507178572393"
# webtalk_add_data -client sdk -key Processors -value "2" -context "sdk\\\\hardware/1507178572393"
# webtalk_add_data -client sdk -key VivadoVersion -value "2017.2" -context "sdk\\\\hardware/1507178572393"
# webtalk_add_data -client sdk -key Arch -value "zynq" -context "sdk\\\\hardware/1507178572393"
# webtalk_add_data -client sdk -key Device -value "7z010" -context "sdk\\\\hardware/1507178572393"
# webtalk_add_data -client sdk -key IsHandoff -value "true" -context "sdk\\\\hardware/1507178572393"
# webtalk_add_data -client sdk -key os -value "NA" -context "sdk\\\\hardware/1507178572393"
# webtalk_add_data -client sdk -key apptemplate -value "NA" -context "sdk\\\\hardware/1507178572393"
# webtalk_add_data -client sdk -key RecordType -value "HWCreation" -context "sdk\\\\hardware/1507178572393"
# webtalk_add_data -client sdk -key uid -value "1507178594897" -context "sdk\\\\bsp/1507178594897"
# webtalk_add_data -client sdk -key hwid -value "1507178572393" -context "sdk\\\\bsp/1507178594897"
# webtalk_add_data -client sdk -key os -value "standalone" -context "sdk\\\\bsp/1507178594897"
# webtalk_add_data -client sdk -key apptemplate -value "hello_world" -context "sdk\\\\bsp/1507178594897"
# webtalk_add_data -client sdk -key RecordType -value "BSPCreation" -context "sdk\\\\bsp/1507178594897"
# webtalk_add_data -client sdk -key uid -value "1507178598518" -context "sdk\\\\application/1507178598518"
# webtalk_add_data -client sdk -key hwid -value "1507178572393" -context "sdk\\\\application/1507178598518"
# webtalk_add_data -client sdk -key bspid -value "1507178594897" -context "sdk\\\\application/1507178598518"
# webtalk_add_data -client sdk -key newbsp -value "true" -context "sdk\\\\application/1507178598518"
# webtalk_add_data -client sdk -key os -value "standalone" -context "sdk\\\\application/1507178598518"
# webtalk_add_data -client sdk -key apptemplate -value "hello_world" -context "sdk\\\\application/1507178598518"
# webtalk_add_data -client sdk -key RecordType -value "APPCreation" -context "sdk\\\\application/1507178598518"
# webtalk_add_data -client sdk -key LangUsed -value "C" -context "sdk\\\\application/1507178598518"
# webtalk_add_data -client sdk -key Procused -value "ps7_cortexa9" -context "sdk\\\\application/1507178598518"
# webtalk_add_data -client sdk -key projSize -value "162.9921875" -context "sdk\\\\application/1507178598518"
# webtalk_add_data -client sdk -key uid -value "NA" -context "sdk\\\\bsp/1507178784410"
# webtalk_add_data -client sdk -key RecordType -value "ToolUsage" -context "sdk\\\\bsp/1507178784410"
# webtalk_add_data -client sdk -key BootgenCount -value "0" -context "sdk\\\\bsp/1507178784410"
# webtalk_add_data -client sdk -key DebugCount -value "0" -context "sdk\\\\bsp/1507178784410"
# webtalk_add_data -client sdk -key PerfCount -value "0" -context "sdk\\\\bsp/1507178784410"
# webtalk_add_data -client sdk -key FlashCount -value "0" -context "sdk\\\\bsp/1507178784410"
# webtalk_add_data -client sdk -key CrossTriggCount -value "0" -context "sdk\\\\bsp/1507178784410"
# webtalk_add_data -client sdk -key QemuDebugCount -value "0" -context "sdk\\\\bsp/1507178784410"
# webtalk_transmit -clientid 2868520614 -regid "" -xml D:\\Project\\Vivado\\ZYBO_Video\\ZYBO_Video.sdk\\webtalk\\usage_statistics_ext_sdk.xml -html D:\\Project\\Vivado\\ZYBO_Video\\ZYBO_Video.sdk\\webtalk\\usage_statistics_ext_sdk.html -wdm D:\\Project\\Vivado\\ZYBO_Video\\ZYBO_Video.sdk\\webtalk\\sdk_webtalk.wdm -intro "<H3>SDK Usage Report</H3><BR>"
INFO: [Common 17-186] 'D:\Project\Vivado\ZYBO_Video\ZYBO_Video.sdk\webtalk\usage_statistics_ext_sdk.xml' has been successfully sent to Xilinx on Thu Oct  5 12:46:30 2017. For additional details about this file, please refer to the WebTalk help file at C:/Xilinx/SDK/2017.2/doc/webtalk_introduction.html.
# webtalk_terminate
INFO: [Common 17-206] Exiting Webtalk at Thu Oct  5 12:46:30 2017...
