
*** Running vivado
    with args -log demo_axi_gpio_0_0.vds -m64 -product Vivado -mode batch -messageDb vivado.pb -notrace -source demo_axi_gpio_0_0.tcl


****** Vivado v2017.2 (64-bit)
  **** SW Build 1909853 on Thu Jun 15 18:39:09 MDT 2017
  **** IP Build 1909766 on Thu Jun 15 19:58:00 MDT 2017
    ** Copyright 1986-2017 Xilinx, Inc. All Rights Reserved.

source demo_axi_gpio_0_0.tcl -notrace
Starting RTL Elaboration : Time (s): cpu = 00:00:04 ; elapsed = 00:00:04 . Memory (MB): peak = 361.320 ; gain = 81.484
INFO: [Synth 8-638] synthesizing module 'demo_axi_gpio_0_0' [d:/Project/Vivado/ZYBO_Video/ZYBO_Video.srcs/sources_1/bd/demo/ip/demo_axi_gpio_0_0/synth/demo_axi_gpio_0_0.vhd:84]
INFO: [Synth 8-638] synthesizing module 'axi_gpio' [d:/Project/Vivado/ZYBO_Video/ZYBO_Video.srcs/sources_1/bd/demo/ipshared/cb07/hdl/axi_gpio_v2_0_vh_rfs.vhd:1257]
INFO: [Synth 8-638] synthesizing module 'axi_lite_ipif' [d:/Project/Vivado/ZYBO_Video/ZYBO_Video.srcs/sources_1/bd/demo/ipshared/0ba0/hdl/axi_lite_ipif_v3_0_vh_rfs.vhd:2948]
INFO: [Synth 8-638] synthesizing module 'slave_attachment' [d:/Project/Vivado/ZYBO_Video/ZYBO_Video.srcs/sources_1/bd/demo/ipshared/0ba0/hdl/axi_lite_ipif_v3_0_vh_rfs.vhd:2341]
INFO: [Synth 8-638] synthesizing module 'address_decoder' [d:/Project/Vivado/ZYBO_Video/ZYBO_Video.srcs/sources_1/bd/demo/ipshared/0ba0/hdl/axi_lite_ipif_v3_0_vh_rfs.vhd:1775]
INFO: [Synth 8-638] synthesizing module 'pselect_f' [d:/Project/Vivado/ZYBO_Video/ZYBO_Video.srcs/sources_1/bd/demo/ipshared/0ba0/hdl/axi_lite_ipif_v3_0_vh_rfs.vhd:1534]
INFO: [Synth 8-256] done synthesizing module 'pselect_f' (1#1) [d:/Project/Vivado/ZYBO_Video/ZYBO_Video.srcs/sources_1/bd/demo/ipshared/0ba0/hdl/axi_lite_ipif_v3_0_vh_rfs.vhd:1534]
INFO: [Synth 8-638] synthesizing module 'pselect_f__parameterized0' [d:/Project/Vivado/ZYBO_Video/ZYBO_Video.srcs/sources_1/bd/demo/ipshared/0ba0/hdl/axi_lite_ipif_v3_0_vh_rfs.vhd:1534]
INFO: [Synth 8-256] done synthesizing module 'pselect_f__parameterized0' (1#1) [d:/Project/Vivado/ZYBO_Video/ZYBO_Video.srcs/sources_1/bd/demo/ipshared/0ba0/hdl/axi_lite_ipif_v3_0_vh_rfs.vhd:1534]
INFO: [Synth 8-638] synthesizing module 'pselect_f__parameterized1' [d:/Project/Vivado/ZYBO_Video/ZYBO_Video.srcs/sources_1/bd/demo/ipshared/0ba0/hdl/axi_lite_ipif_v3_0_vh_rfs.vhd:1534]
INFO: [Synth 8-256] done synthesizing module 'pselect_f__parameterized1' (1#1) [d:/Project/Vivado/ZYBO_Video/ZYBO_Video.srcs/sources_1/bd/demo/ipshared/0ba0/hdl/axi_lite_ipif_v3_0_vh_rfs.vhd:1534]
INFO: [Synth 8-638] synthesizing module 'pselect_f__parameterized2' [d:/Project/Vivado/ZYBO_Video/ZYBO_Video.srcs/sources_1/bd/demo/ipshared/0ba0/hdl/axi_lite_ipif_v3_0_vh_rfs.vhd:1534]
INFO: [Synth 8-256] done synthesizing module 'pselect_f__parameterized2' (1#1) [d:/Project/Vivado/ZYBO_Video/ZYBO_Video.srcs/sources_1/bd/demo/ipshared/0ba0/hdl/axi_lite_ipif_v3_0_vh_rfs.vhd:1534]
INFO: [Synth 8-256] done synthesizing module 'address_decoder' (2#1) [d:/Project/Vivado/ZYBO_Video/ZYBO_Video.srcs/sources_1/bd/demo/ipshared/0ba0/hdl/axi_lite_ipif_v3_0_vh_rfs.vhd:1775]
INFO: [Synth 8-256] done synthesizing module 'slave_attachment' (3#1) [d:/Project/Vivado/ZYBO_Video/ZYBO_Video.srcs/sources_1/bd/demo/ipshared/0ba0/hdl/axi_lite_ipif_v3_0_vh_rfs.vhd:2341]
INFO: [Synth 8-256] done synthesizing module 'axi_lite_ipif' (4#1) [d:/Project/Vivado/ZYBO_Video/ZYBO_Video.srcs/sources_1/bd/demo/ipshared/0ba0/hdl/axi_lite_ipif_v3_0_vh_rfs.vhd:2948]
INFO: [Synth 8-638] synthesizing module 'GPIO_Core' [d:/Project/Vivado/ZYBO_Video/ZYBO_Video.srcs/sources_1/bd/demo/ipshared/cb07/hdl/axi_gpio_v2_0_vh_rfs.vhd:177]
INFO: [Synth 8-638] synthesizing module 'cdc_sync' [d:/Project/Vivado/ZYBO_Video/ZYBO_Video.srcs/sources_1/bd/demo/ipshared/52cb/hdl/lib_cdc_v1_0_rfs.vhd:106]
INFO: [Synth 8-256] done synthesizing module 'cdc_sync' (5#1) [d:/Project/Vivado/ZYBO_Video/ZYBO_Video.srcs/sources_1/bd/demo/ipshared/52cb/hdl/lib_cdc_v1_0_rfs.vhd:106]
INFO: [Synth 8-256] done synthesizing module 'GPIO_Core' (6#1) [d:/Project/Vivado/ZYBO_Video/ZYBO_Video.srcs/sources_1/bd/demo/ipshared/cb07/hdl/axi_gpio_v2_0_vh_rfs.vhd:177]
INFO: [Synth 8-256] done synthesizing module 'axi_gpio' (7#1) [d:/Project/Vivado/ZYBO_Video/ZYBO_Video.srcs/sources_1/bd/demo/ipshared/cb07/hdl/axi_gpio_v2_0_vh_rfs.vhd:1257]
INFO: [Synth 8-256] done synthesizing module 'demo_axi_gpio_0_0' (8#1) [d:/Project/Vivado/ZYBO_Video/ZYBO_Video.srcs/sources_1/bd/demo/ip/demo_axi_gpio_0_0/synth/demo_axi_gpio_0_0.vhd:84]
Finished RTL Elaboration : Time (s): cpu = 00:00:06 ; elapsed = 00:00:06 . Memory (MB): peak = 403.402 ; gain = 123.566
Finished RTL Optimization Phase 1 : Time (s): cpu = 00:00:06 ; elapsed = 00:00:06 . Memory (MB): peak = 403.402 ; gain = 123.566
INFO: [Device 21-403] Loading part xc7z010clg400-1
Constraint Validation Runtime : Time (s): cpu = 00:00:00 ; elapsed = 00:00:00.026 . Memory (MB): peak = 703.609 ; gain = 0.000
Finished Constraint Validation : Time (s): cpu = 00:00:18 ; elapsed = 00:00:18 . Memory (MB): peak = 703.609 ; gain = 423.773
Finished Loading Part and Timing Information : Time (s): cpu = 00:00:18 ; elapsed = 00:00:18 . Memory (MB): peak = 703.609 ; gain = 423.773
Finished applying 'set_property' XDC Constraints : Time (s): cpu = 00:00:18 ; elapsed = 00:00:18 . Memory (MB): peak = 703.609 ; gain = 423.773
Finished RTL Optimization Phase 2 : Time (s): cpu = 00:00:18 ; elapsed = 00:00:18 . Memory (MB): peak = 703.609 ; gain = 423.773
Finished Cross Boundary and Area Optimization : Time (s): cpu = 00:00:18 ; elapsed = 00:00:19 . Memory (MB): peak = 703.609 ; gain = 423.773
Finished Applying XDC Timing Constraints : Time (s): cpu = 00:00:32 ; elapsed = 00:00:33 . Memory (MB): peak = 703.609 ; gain = 423.773
Finished Timing Optimization : Time (s): cpu = 00:00:32 ; elapsed = 00:00:33 . Memory (MB): peak = 703.609 ; gain = 423.773
Finished Technology Mapping : Time (s): cpu = 00:00:32 ; elapsed = 00:00:33 . Memory (MB): peak = 703.609 ; gain = 423.773
Finished IO Insertion : Time (s): cpu = 00:00:33 ; elapsed = 00:00:34 . Memory (MB): peak = 703.609 ; gain = 423.773
Finished Renaming Generated Instances : Time (s): cpu = 00:00:33 ; elapsed = 00:00:34 . Memory (MB): peak = 703.609 ; gain = 423.773
Finished Rebuilding User Hierarchy : Time (s): cpu = 00:00:33 ; elapsed = 00:00:34 . Memory (MB): peak = 703.609 ; gain = 423.773
Finished Renaming Generated Ports : Time (s): cpu = 00:00:33 ; elapsed = 00:00:34 . Memory (MB): peak = 703.609 ; gain = 423.773
Finished Handling Custom Attributes : Time (s): cpu = 00:00:33 ; elapsed = 00:00:34 . Memory (MB): peak = 703.609 ; gain = 423.773
Finished Renaming Generated Nets : Time (s): cpu = 00:00:33 ; elapsed = 00:00:34 . Memory (MB): peak = 703.609 ; gain = 423.773

Report Cell Usage: 
+------+-----+------+
|      |Cell |Count |
+------+-----+------+
|1     |LUT1 |     2|
|2     |LUT2 |     4|
|3     |LUT3 |     5|
|4     |LUT4 |     4|
|5     |LUT5 |    14|
|6     |LUT6 |     4|
|7     |FDRE |    25|
|8     |FDSE |     1|
+------+-----+------+
Finished Writing Synthesis Report : Time (s): cpu = 00:00:33 ; elapsed = 00:00:34 . Memory (MB): peak = 703.609 ; gain = 423.773
synth_design: Time (s): cpu = 00:00:35 ; elapsed = 00:00:36 . Memory (MB): peak = 703.609 ; gain = 430.973
