Copyright 1986-2017 Xilinx, Inc. All Rights Reserved.
------------------------------------------------------------------------------------------
| Tool Version : Vivado v.2017.2 (win64) Build 1909853 Thu Jun 15 18:39:09 MDT 2017
| Date         : Thu Oct 12 13:09:16 2017
| Host         : Beat running 64-bit major release  (build 9200)
| Command      : report_clock_utilization -file demo_wrapper_clock_utilization_routed.rpt
| Design       : demo_wrapper
| Device       : 7z010-clg400
| Speed File   : -1  PRODUCTION 1.11 2014-09-11
------------------------------------------------------------------------------------------

Clock Utilization Report

Table of Contents
-----------------
1. Clock Primitive Utilization
2. Global Clock Resources
3. Global Clock Source Details
4. Local Clock Details
5. Clock Regions: Key Resource Utilization
6. Clock Regions : Global Clock Summary
7. Device Cell Placement Summary for Global Clock g0
8. Device Cell Placement Summary for Global Clock g1
9. Device Cell Placement Summary for Global Clock g2
10. Device Cell Placement Summary for Global Clock g3
11. Device Cell Placement Summary for Global Clock g4
12. Device Cell Placement Summary for Global Clock g5
13. Clock Region Cell Placement per Global Clock: Region X0Y0
14. Clock Region Cell Placement per Global Clock: Region X1Y0
15. Clock Region Cell Placement per Global Clock: Region X0Y1
16. Clock Region Cell Placement per Global Clock: Region X1Y1

1. Clock Primitive Utilization
------------------------------

+----------+------+-----------+-----+--------------+--------+
| Type     | Used | Available | LOC | Clock Region | Pblock |
+----------+------+-----------+-----+--------------+--------+
| BUFGCTRL |    6 |        32 |   0 |            0 |      0 |
| BUFH     |    0 |        48 |   0 |            0 |      0 |
| BUFIO    |    0 |         8 |   0 |            0 |      0 |
| BUFMR    |    0 |         4 |   0 |            0 |      0 |
| BUFR     |    0 |         8 |   0 |            0 |      0 |
| MMCM     |    2 |         2 |   0 |            0 |      0 |
| PLL      |    0 |         2 |   0 |            0 |      0 |
+----------+------+-----------+-----+--------------+--------+


2. Global Clock Resources
-------------------------

+-----------+-----------+-----------------+------------+----------------+--------------+-------------------+-------------+-----------------+--------------+---------------------------+----------------------------------------------------------------------+---------------------------------------------------------------------+
| Global Id | Source Id | Driver Type/Pin | Constraint | Site           | Clock Region | Load Clock Region | Clock Loads | Non-Clock Loads | Clock Period | Clock                     | Driver Pin                                                           | Net                                                                 |
+-----------+-----------+-----------------+------------+----------------+--------------+-------------------+-------------+-----------------+--------------+---------------------------+----------------------------------------------------------------------+---------------------------------------------------------------------+
| g0        | src0      | BUFG/O          | None       | BUFGCTRL_X0Y0  | n/a          |                 4 |        4842 |               0 |       10.000 | clk_fpga_0                | demo_i/processing_system7_0/inst/buffer_fclk_clk_0.FCLK_CLK_0_BUFG/O | demo_i/processing_system7_0/inst/FCLK_CLK0                          |
| g1        | src1      | BUFG/O          | None       | BUFGCTRL_X0Y1  | n/a          |                 1 |         146 |               0 |       13.468 | clk_out1_demo_clk_wiz_0_0 | demo_i/clk_wiz_0/inst/clkout1_buf/O                                  | demo_i/clk_wiz_0/inst/clk_out1                                      |
| g2        | src2      | BUFG/O          | None       | BUFGCTRL_X0Y2  | n/a          |                 1 |         122 |               0 |              |                           | pclk_IBUF_BUFG_inst/O                                                | pclk_IBUF_BUFG                                                      |
| g3        | src3      | BUFG/O          | None       | BUFGCTRL_X0Y17 | n/a          |                 1 |           1 |               0 |       50.000 | clkfbout_clk_wiz_0        | demo_i/OvSensor2Axis_0/inst/U_clk_wiz_0/inst/clkf_buf/O              | demo_i/OvSensor2Axis_0/inst/U_clk_wiz_0/inst/clkfbout_buf_clk_wiz_0 |
| g4        | src1      | BUFG/O          | None       | BUFGCTRL_X0Y3  | n/a          |                 1 |           1 |               0 |       40.000 | clkfbout_demo_clk_wiz_0_0 | demo_i/clk_wiz_0/inst/clkf_buf/O                                     | demo_i/clk_wiz_0/inst/clkfbout_buf_demo_clk_wiz_0_0                 |
| g5        | src3      | BUFG/O          | None       | BUFGCTRL_X0Y16 | n/a          |                 1 |           0 |               1 |       41.667 | clk_out1_clk_wiz_0        | demo_i/OvSensor2Axis_0/inst/U_clk_wiz_0/inst/clkout1_buf/O           | demo_i/OvSensor2Axis_0/inst/U_clk_wiz_0/inst/clk_out1               |
+-----------+-----------+-----------------+------------+----------------+--------------+-------------------+-------------+-----------------+--------------+---------------------------+----------------------------------------------------------------------+---------------------------------------------------------------------+
* Clock Loads column represents the clock pin loads (pin count)
** Non-Clock Loads column represents the non-clock pin loads (pin count)


3. Global Clock Source Details
------------------------------

+-----------+-----------+---------------------+------------+-----------------+--------------+-------------+-----------------+---------------------+---------------------------+---------------------------------------------------------------------+-----------------------------------------------------------------+
| Source Id | Global Id | Driver Type/Pin     | Constraint | Site            | Clock Region | Clock Loads | Non-Clock Loads | Source Clock Period | Source Clock              | Driver Pin                                                          | Net                                                             |
+-----------+-----------+---------------------+------------+-----------------+--------------+-------------+-----------------+---------------------+---------------------------+---------------------------------------------------------------------+-----------------------------------------------------------------+
| src0      | g0        | PS7/FCLKCLK[0]      | PS7_X0Y0   | PS7_X0Y0        | X0Y1         |           1 |               0 |              10.000 | clk_fpga_0                | demo_i/processing_system7_0/inst/PS7_i/FCLKCLK[0]                   | demo_i/processing_system7_0/inst/FCLK_CLK_unbuffered[0]         |
| src1      | g1        | MMCME2_ADV/CLKOUT0  | None       | MMCME2_ADV_X0Y0 | X1Y0         |           1 |               0 |              13.468 | clk_out1_demo_clk_wiz_0_0 | demo_i/clk_wiz_0/inst/mmcm_adv_inst/CLKOUT0                         | demo_i/clk_wiz_0/inst/clk_out1_demo_clk_wiz_0_0                 |
| src1      | g4        | MMCME2_ADV/CLKFBOUT | None       | MMCME2_ADV_X0Y0 | X1Y0         |           1 |               0 |              40.000 | clkfbout_demo_clk_wiz_0_0 | demo_i/clk_wiz_0/inst/mmcm_adv_inst/CLKFBOUT                        | demo_i/clk_wiz_0/inst/clkfbout_demo_clk_wiz_0_0                 |
| src2      | g2        | IBUF/O              | IOB_X0Y47  | IOB_X0Y47       | X1Y0         |           1 |               0 |                     |                           | pclk_IBUF_inst/O                                                    | pclk_IBUF                                                       |
| src3      | g5        | MMCME2_ADV/CLKOUT0  | None       | MMCME2_ADV_X0Y1 | X1Y1         |           1 |               0 |              41.667 | clk_out1_clk_wiz_0        | demo_i/OvSensor2Axis_0/inst/U_clk_wiz_0/inst/mmcm_adv_inst/CLKOUT0  | demo_i/OvSensor2Axis_0/inst/U_clk_wiz_0/inst/clk_out1_clk_wiz_0 |
| src3      | g3        | MMCME2_ADV/CLKFBOUT | None       | MMCME2_ADV_X0Y1 | X1Y1         |           1 |               0 |              50.000 | clkfbout_clk_wiz_0        | demo_i/OvSensor2Axis_0/inst/U_clk_wiz_0/inst/mmcm_adv_inst/CLKFBOUT | demo_i/OvSensor2Axis_0/inst/U_clk_wiz_0/inst/clkfbout_clk_wiz_0 |
+-----------+-----------+---------------------+------------+-----------------+--------------+-------------+-----------------+---------------------+---------------------------+---------------------------------------------------------------------+-----------------------------------------------------------------+
* Clock Loads column represents the clock pin loads (pin count)
** Non-Clock Loads column represents the non-clock pin loads (pin count)


4. Local Clock Details
----------------------

+----------+-----------------+------------+------------------+--------------+-------------+-----------------+--------------+-------+------------------------------------------------+---------------------------------------+
| Local Id | Driver Type/Pin | Constraint | Site/BEL         | Clock Region | Clock Loads | Non-Clock Loads | Clock Period | Clock | Driver Pin                                     | Net                                   |
+----------+-----------------+------------+------------------+--------------+-------------+-----------------+--------------+-------+------------------------------------------------+---------------------------------------+
| 0        | FDRE/Q          | None       | SLICE_X34Y10/BFF | X1Y0         |           8 |              19 |              |       | demo_i/OvSensor2Axis_0/inst/vsync_synced_reg/Q | demo_i/OvSensor2Axis_0/inst/p_0_in[1] |
+----------+-----------------+------------+------------------+--------------+-------------+-----------------+--------------+-------+------------------------------------------------+---------------------------------------+
* Local Clocks in this context represents only clocks driven by non-global buffers
** Clock Loads column represents the clock pin loads (pin count)
*** Non-Clock Loads column represents the non-clock pin loads (pin count)


5. Clock Regions: Key Resource Utilization
------------------------------------------

+-------------------+--------------+--------------+--------------+--------------+--------------+--------------+--------------+--------------+--------------+--------------+--------------+--------------+--------------+--------------+--------------+
|                   | Global Clock |     BUFRs    |    BUFMRs    |    BUFIOs    |     MMCM     |      PLL     |      GT      |      PCI     |    ILOGIC    |    OLOGIC    |      FF      |     LUTM     |    RAMB18    |    RAMB36    |    DSP48E2   |
+-------------------+------+-------+------+-------+------+-------+------+-------+------+-------+------+-------+------+-------+------+-------+------+-------+------+-------+------+-------+------+-------+------+-------+------+-------+------+-------+
| Clock Region Name | Used | Avail | Used | Avail | Used | Avail | Used | Avail | Used | Avail | Used | Avail | Used | Avail | Used | Avail | Used | Avail | Used | Avail | Used | Avail | Used | Avail | Used | Avail | Used | Avail | Used | Avail |
+-------------------+------+-------+------+-------+------+-------+------+-------+------+-------+------+-------+------+-------+------+-------+------+-------+------+-------+------+-------+------+-------+------+-------+------+-------+------+-------+
| X0Y0              |    1 |    12 |    0 |     0 |    0 |     0 |    0 |     0 |    0 |     0 |    0 |     0 |    0 |     0 |    0 |     0 |    0 |     0 |    0 |     0 | 3019 |  1100 | 1404 |   400 |    0 |    20 |    3 |    10 |    0 |    20 |
| X1Y0              |    5 |    12 |    0 |     4 |    0 |     2 |    0 |     4 |    1 |     1 |    0 |     1 |    0 |     0 |    0 |     0 |    0 |    50 |    0 |    50 | 1546 |  1100 |  519 |   350 |    0 |    40 |    5 |    20 |    0 |    20 |
| X0Y1              |    1 |    12 |    0 |     0 |    0 |     0 |    0 |     0 |    0 |     0 |    0 |     0 |    0 |     0 |    0 |     0 |    0 |     0 |    0 |     0 |  199 |  1100 |   92 |   400 |    0 |    20 |    0 |    10 |    0 |    20 |
| X1Y1              |    2 |    12 |    0 |     4 |    0 |     2 |    0 |     4 |    1 |     1 |    0 |     1 |    0 |     0 |    0 |     0 |    0 |    50 |    0 |    50 |    1 |  1100 |    0 |   350 |    0 |    40 |    0 |    20 |    0 |    20 |
+-------------------+------+-------+------+-------+------+-------+------+-------+------+-------+------+-------+------+-------+------+-------+------+-------+------+-------+------+-------+------+-------+------+-------+------+-------+------+-------+
* Global Clock column represents track count; while other columns represents cell counts


6. Clock Regions : Global Clock Summary
---------------------------------------

+----+----+----+
|    | X0 | X1 |
+----+----+----+
| Y1 |  1 |  2 |
| Y0 |  1 |  5 |
+----+----+----+


7. Device Cell Placement Summary for Global Clock g0
----------------------------------------------------

+-----------+-----------------+-------------------+------------+-------------+---------------+-------------+----------+----------------+----------+--------------------------------------------+
| Global Id | Driver Type/Pin | Driver Region (D) | Clock      | Period (ns) | Waveform (ns) | Slice Loads | IO Loads | Clocking Loads | GT Loads | Net                                        |
+-----------+-----------------+-------------------+------------+-------------+---------------+-------------+----------+----------------+----------+--------------------------------------------+
| g0        | BUFG/O          | n/a               | clk_fpga_0 |      10.000 | {0.000 5.000} |        4828 |        0 |              2 |        0 | demo_i/processing_system7_0/inst/FCLK_CLK0 |
+-----------+-----------------+-------------------+------------+-------------+---------------+-------------+----------+----------------+----------+--------------------------------------------+
* Logic Loads column represents load cell count of all cell types other than IO, GT and clock resources
** IO Loads column represents load cell count of IO types
*** Clocking Loads column represents load cell count that are clock resources (global clock buffer, MMCM, PLL, etc)
**** GT Loads column represents load cell count of GT types


+----+-------+-------+
|    | X0    | X1    |
+----+-------+-------+
| Y1 |   218 |     2 |
| Y0 |  3310 |  1300 |
+----+-------+-------+


8. Device Cell Placement Summary for Global Clock g1
----------------------------------------------------

+-----------+-----------------+-------------------+---------------------------+-------------+---------------+-------------+----------+----------------+----------+--------------------------------+
| Global Id | Driver Type/Pin | Driver Region (D) | Clock                     | Period (ns) | Waveform (ns) | Slice Loads | IO Loads | Clocking Loads | GT Loads | Net                            |
+-----------+-----------------+-------------------+---------------------------+-------------+---------------+-------------+----------+----------------+----------+--------------------------------+
| g1        | BUFG/O          | n/a               | clk_out1_demo_clk_wiz_0_0 |      13.468 | {0.000 6.734} |         146 |        0 |              0 |        0 | demo_i/clk_wiz_0/inst/clk_out1 |
+-----------+-----------------+-------------------+---------------------------+-------------+---------------+-------------+----------+----------------+----------+--------------------------------+
* Logic Loads column represents load cell count of all cell types other than IO, GT and clock resources
** IO Loads column represents load cell count of IO types
*** Clocking Loads column represents load cell count that are clock resources (global clock buffer, MMCM, PLL, etc)
**** GT Loads column represents load cell count of GT types


+----+----+------+
|    | X0 | X1   |
+----+----+------+
| Y1 |  0 |    0 |
| Y0 |  0 |  146 |
+----+----+------+


9. Device Cell Placement Summary for Global Clock g2
----------------------------------------------------

+-----------+-----------------+-------------------+-------+-------------+---------------+-------------+----------+----------------+----------+----------------+
| Global Id | Driver Type/Pin | Driver Region (D) | Clock | Period (ns) | Waveform (ns) | Slice Loads | IO Loads | Clocking Loads | GT Loads | Net            |
+-----------+-----------------+-------------------+-------+-------------+---------------+-------------+----------+----------------+----------+----------------+
| g2        | BUFG/O          | n/a               |       |             |               |         122 |        0 |              0 |        0 | pclk_IBUF_BUFG |
+-----------+-----------------+-------------------+-------+-------------+---------------+-------------+----------+----------------+----------+----------------+
* Logic Loads column represents load cell count of all cell types other than IO, GT and clock resources
** IO Loads column represents load cell count of IO types
*** Clocking Loads column represents load cell count that are clock resources (global clock buffer, MMCM, PLL, etc)
**** GT Loads column represents load cell count of GT types


+----+----+------+
|    | X0 | X1   |
+----+----+------+
| Y1 |  0 |    0 |
| Y0 |  0 |  122 |
+----+----+------+


10. Device Cell Placement Summary for Global Clock g3
-----------------------------------------------------

+-----------+-----------------+-------------------+--------------------+-------------+----------------+-------------+----------+----------------+----------+---------------------------------------------------------------------+
| Global Id | Driver Type/Pin | Driver Region (D) | Clock              | Period (ns) | Waveform (ns)  | Slice Loads | IO Loads | Clocking Loads | GT Loads | Net                                                                 |
+-----------+-----------------+-------------------+--------------------+-------------+----------------+-------------+----------+----------------+----------+---------------------------------------------------------------------+
| g3        | BUFG/O          | n/a               | clkfbout_clk_wiz_0 |      50.000 | {0.000 25.000} |           0 |        0 |              1 |        0 | demo_i/OvSensor2Axis_0/inst/U_clk_wiz_0/inst/clkfbout_buf_clk_wiz_0 |
+-----------+-----------------+-------------------+--------------------+-------------+----------------+-------------+----------+----------------+----------+---------------------------------------------------------------------+
* Logic Loads column represents load cell count of all cell types other than IO, GT and clock resources
** IO Loads column represents load cell count of IO types
*** Clocking Loads column represents load cell count that are clock resources (global clock buffer, MMCM, PLL, etc)
**** GT Loads column represents load cell count of GT types


+----+----+----+
|    | X0 | X1 |
+----+----+----+
| Y1 |  0 |  1 |
| Y0 |  0 |  0 |
+----+----+----+


11. Device Cell Placement Summary for Global Clock g4
-----------------------------------------------------

+-----------+-----------------+-------------------+---------------------------+-------------+----------------+-------------+----------+----------------+----------+-----------------------------------------------------+
| Global Id | Driver Type/Pin | Driver Region (D) | Clock                     | Period (ns) | Waveform (ns)  | Slice Loads | IO Loads | Clocking Loads | GT Loads | Net                                                 |
+-----------+-----------------+-------------------+---------------------------+-------------+----------------+-------------+----------+----------------+----------+-----------------------------------------------------+
| g4        | BUFG/O          | n/a               | clkfbout_demo_clk_wiz_0_0 |      40.000 | {0.000 20.000} |           0 |        0 |              1 |        0 | demo_i/clk_wiz_0/inst/clkfbout_buf_demo_clk_wiz_0_0 |
+-----------+-----------------+-------------------+---------------------------+-------------+----------------+-------------+----------+----------------+----------+-----------------------------------------------------+
* Logic Loads column represents load cell count of all cell types other than IO, GT and clock resources
** IO Loads column represents load cell count of IO types
*** Clocking Loads column represents load cell count that are clock resources (global clock buffer, MMCM, PLL, etc)
**** GT Loads column represents load cell count of GT types


+----+----+----+
|    | X0 | X1 |
+----+----+----+
| Y1 |  0 |  0 |
| Y0 |  0 |  1 |
+----+----+----+


12. Device Cell Placement Summary for Global Clock g5
-----------------------------------------------------

+-----------+-----------------+-------------------+--------------------+-------------+----------------+-------------+----------+----------------+----------+-------------------------------------------------------+
| Global Id | Driver Type/Pin | Driver Region (D) | Clock              | Period (ns) | Waveform (ns)  | Slice Loads | IO Loads | Clocking Loads | GT Loads | Net                                                   |
+-----------+-----------------+-------------------+--------------------+-------------+----------------+-------------+----------+----------------+----------+-------------------------------------------------------+
| g5        | BUFG/O          | n/a               | clk_out1_clk_wiz_0 |      41.667 | {0.000 20.833} |           0 |        1 |              0 |        0 | demo_i/OvSensor2Axis_0/inst/U_clk_wiz_0/inst/clk_out1 |
+-----------+-----------------+-------------------+--------------------+-------------+----------------+-------------+----------+----------------+----------+-------------------------------------------------------+
* Logic Loads column represents load cell count of all cell types other than IO, GT and clock resources
** IO Loads column represents load cell count of IO types
*** Clocking Loads column represents load cell count that are clock resources (global clock buffer, MMCM, PLL, etc)
**** GT Loads column represents load cell count of GT types


+----+----+----+
|    | X0 | X1 |
+----+----+----+
| Y1 |  0 |  0 |
| Y0 |  0 |  1 |
+----+----+----+


13. Clock Region Cell Placement per Global Clock: Region X0Y0
-------------------------------------------------------------

+-----------+-------+-----------------+------------+-------------+-----------------+------+--------+------+-----+----+------+-----+---------+--------------------------------------------+
| Global Id | Track | Driver Type/Pin | Constraint | Clock Loads | Non-Clock Loads | FF   | LUTRAM | RAMB | DSP | GT | MMCM | PLL | Hard IP | Net                                        |
+-----------+-------+-----------------+------------+-------------+-----------------+------+--------+------+-----+----+------+-----+---------+--------------------------------------------+
| g0        | n/a   | BUFG/O          | None       |        3310 |               0 | 3019 |    288 |    3 |   0 |  0 |    0 |   0 |       0 | demo_i/processing_system7_0/inst/FCLK_CLK0 |
+-----------+-------+-----------------+------------+-------------+-----------------+------+--------+------+-----+----+------+-----+---------+--------------------------------------------+
* Clock Loads column represents the clock pin loads (pin count)
** Non-Clock Loads column represents the non-clock pin loads (pin count)
*** Columns FF, LUTRAM, RAMB through 'Hard IP' represents load cell counts


14. Clock Region Cell Placement per Global Clock: Region X1Y0
-------------------------------------------------------------

+-----------+-------+-----------------+------------+-------------+-----------------+------+--------+------+-----+----+------+-----+---------+-------------------------------------------------------+
| Global Id | Track | Driver Type/Pin | Constraint | Clock Loads | Non-Clock Loads | FF   | LUTRAM | RAMB | DSP | GT | MMCM | PLL | Hard IP | Net                                                   |
+-----------+-------+-----------------+------------+-------------+-----------------+------+--------+------+-----+----+------+-----+---------+-------------------------------------------------------+
| g0        | n/a   | BUFG/O          | None       |        1300 |               0 | 1272 |     22 |    5 |   0 |  0 |    1 |   0 |       0 | demo_i/processing_system7_0/inst/FCLK_CLK0            |
| g1        | n/a   | BUFG/O          | None       |         146 |               0 |  145 |      0 |    1 |   0 |  0 |    0 |   0 |       0 | demo_i/clk_wiz_0/inst/clk_out1                        |
| g2        | n/a   | BUFG/O          | None       |         122 |               0 |  121 |      0 |    1 |   0 |  0 |    0 |   0 |       0 | pclk_IBUF_BUFG                                        |
| g4        | n/a   | BUFG/O          | None       |           1 |               0 |    0 |      0 |    0 |   0 |  0 |    1 |   0 |       0 | demo_i/clk_wiz_0/inst/clkfbout_buf_demo_clk_wiz_0_0   |
| g5        | n/a   | BUFG/O          | None       |           0 |               1 |    0 |      0 |    0 |   0 |  0 |    0 |   0 |       0 | demo_i/OvSensor2Axis_0/inst/U_clk_wiz_0/inst/clk_out1 |
+-----------+-------+-----------------+------------+-------------+-----------------+------+--------+------+-----+----+------+-----+---------+-------------------------------------------------------+
* Clock Loads column represents the clock pin loads (pin count)
** Non-Clock Loads column represents the non-clock pin loads (pin count)
*** Columns FF, LUTRAM, RAMB through 'Hard IP' represents load cell counts


15. Clock Region Cell Placement per Global Clock: Region X0Y1
-------------------------------------------------------------

+-----------+-------+-----------------+------------+-------------+-----------------+-----+--------+------+-----+----+------+-----+---------+--------------------------------------------+
| Global Id | Track | Driver Type/Pin | Constraint | Clock Loads | Non-Clock Loads | FF  | LUTRAM | RAMB | DSP | GT | MMCM | PLL | Hard IP | Net                                        |
+-----------+-------+-----------------+------------+-------------+-----------------+-----+--------+------+-----+----+------+-----+---------+--------------------------------------------+
| g0        | n/a   | BUFG/O          | None       |         218 |               0 | 199 |     18 |    0 |   0 |  0 |    0 |   0 |       0 | demo_i/processing_system7_0/inst/FCLK_CLK0 |
+-----------+-------+-----------------+------------+-------------+-----------------+-----+--------+------+-----+----+------+-----+---------+--------------------------------------------+
* Clock Loads column represents the clock pin loads (pin count)
** Non-Clock Loads column represents the non-clock pin loads (pin count)
*** Columns FF, LUTRAM, RAMB through 'Hard IP' represents load cell counts


16. Clock Region Cell Placement per Global Clock: Region X1Y1
-------------------------------------------------------------

+-----------+-------+-----------------+------------+-------------+-----------------+----+--------+------+-----+----+------+-----+---------+---------------------------------------------------------------------+
| Global Id | Track | Driver Type/Pin | Constraint | Clock Loads | Non-Clock Loads | FF | LUTRAM | RAMB | DSP | GT | MMCM | PLL | Hard IP | Net                                                                 |
+-----------+-------+-----------------+------------+-------------+-----------------+----+--------+------+-----+----+------+-----+---------+---------------------------------------------------------------------+
| g0        | n/a   | BUFG/O          | None       |           2 |               0 |  1 |      0 |    0 |   0 |  0 |    1 |   0 |       0 | demo_i/processing_system7_0/inst/FCLK_CLK0                          |
| g3        | n/a   | BUFG/O          | None       |           1 |               0 |  0 |      0 |    0 |   0 |  0 |    1 |   0 |       0 | demo_i/OvSensor2Axis_0/inst/U_clk_wiz_0/inst/clkfbout_buf_clk_wiz_0 |
+-----------+-------+-----------------+------------+-------------+-----------------+----+--------+------+-----+----+------+-----+---------+---------------------------------------------------------------------+
* Clock Loads column represents the clock pin loads (pin count)
** Non-Clock Loads column represents the non-clock pin loads (pin count)
*** Columns FF, LUTRAM, RAMB through 'Hard IP' represents load cell counts



# Location of BUFG Primitives 
set_property LOC BUFGCTRL_X0Y2 [get_cells pclk_IBUF_BUFG_inst]
set_property LOC BUFGCTRL_X0Y0 [get_cells demo_i/processing_system7_0/inst/buffer_fclk_clk_0.FCLK_CLK_0_BUFG]
set_property LOC BUFGCTRL_X0Y3 [get_cells demo_i/clk_wiz_0/inst/clkf_buf]
set_property LOC BUFGCTRL_X0Y1 [get_cells demo_i/clk_wiz_0/inst/clkout1_buf]
set_property LOC BUFGCTRL_X0Y17 [get_cells demo_i/OvSensor2Axis_0/inst/U_clk_wiz_0/inst/clkf_buf]
set_property LOC BUFGCTRL_X0Y16 [get_cells demo_i/OvSensor2Axis_0/inst/U_clk_wiz_0/inst/clkout1_buf]

# Location of IO Primitives which is load of clock spine
set_property LOC IOB_X0Y40 [get_cells xclk_OBUF_inst]

# Location of clock ports
set_property LOC IOB_X0Y47 [get_ports pclk]

# Clock net "pclk_IBUF_BUFG" driven by instance "pclk_IBUF_BUFG_inst" located at site "BUFGCTRL_X0Y2"
#startgroup
create_pblock {CLKAG_pclk_IBUF_BUFG}
add_cells_to_pblock [get_pblocks  {CLKAG_pclk_IBUF_BUFG}] [get_cells -filter { PRIMITIVE_GROUP != I/O && IS_PRIMITIVE==1 && PRIMITIVE_LEVEL !=INTERNAL } -of_object [get_pins -filter {DIRECTION==IN} -of_objects [get_nets -hierarchical -filter {PARENT=="pclk_IBUF_BUFG"}]]]
resize_pblock [get_pblocks {CLKAG_pclk_IBUF_BUFG}] -add {CLOCKREGION_X1Y0:CLOCKREGION_X1Y0}
#endgroup

# Clock net "demo_i/processing_system7_0/inst/FCLK_CLK0" driven by instance "demo_i/processing_system7_0/inst/buffer_fclk_clk_0.FCLK_CLK_0_BUFG" located at site "BUFGCTRL_X0Y0"
#startgroup
create_pblock {CLKAG_demo_i/processing_system7_0/inst/FCLK_CLK0}
add_cells_to_pblock [get_pblocks  {CLKAG_demo_i/processing_system7_0/inst/FCLK_CLK0}] [get_cells -filter { PRIMITIVE_GROUP != I/O && IS_PRIMITIVE==1 && PRIMITIVE_LEVEL !=INTERNAL && NAME!=demo_i/clk_wiz_0/inst/mmcm_adv_inst && NAME!=demo_i/OvSensor2Axis_0/inst/U_clk_wiz_0/inst/mmcm_adv_inst} -of_object [get_pins -filter {DIRECTION==IN} -of_objects [get_nets -hierarchical -filter {PARENT=="demo_i/processing_system7_0/inst/FCLK_CLK0"}]]]
resize_pblock [get_pblocks {CLKAG_demo_i/processing_system7_0/inst/FCLK_CLK0}] -add {CLOCKREGION_X0Y0:CLOCKREGION_X0Y0 CLOCKREGION_X0Y1:CLOCKREGION_X0Y1 CLOCKREGION_X1Y0:CLOCKREGION_X1Y0 CLOCKREGION_X1Y1:CLOCKREGION_X1Y1}
#endgroup

# Clock net "demo_i/clk_wiz_0/inst/clk_out1" driven by instance "demo_i/clk_wiz_0/inst/clkout1_buf" located at site "BUFGCTRL_X0Y1"
#startgroup
create_pblock {CLKAG_demo_i/clk_wiz_0/inst/clk_out1}
add_cells_to_pblock [get_pblocks  {CLKAG_demo_i/clk_wiz_0/inst/clk_out1}] [get_cells -filter { PRIMITIVE_GROUP != I/O && IS_PRIMITIVE==1 && PRIMITIVE_LEVEL !=INTERNAL } -of_object [get_pins -filter {DIRECTION==IN} -of_objects [get_nets -hierarchical -filter {PARENT=="demo_i/clk_wiz_0/inst/clk_out1"}]]]
resize_pblock [get_pblocks {CLKAG_demo_i/clk_wiz_0/inst/clk_out1}] -add {CLOCKREGION_X1Y0:CLOCKREGION_X1Y0}
#endgroup
